CRITICAL - 2024-04-17 18:30:18 --> Trying to access array offset on value of type null
in APPPATH/Controllers/Otpweb/Sistem.php on line 211.
 1 APPPATH/Controllers/Otpweb/Sistem.php(211): CodeIgniter\Debug\Exceptions->errorHandler()
 2 SYSTEMPATH/CodeIgniter.php(942): App\Controllers\Otpweb\Sistem->updateWaitingOrders()
 3 SYSTEMPATH/CodeIgniter.php(502): CodeIgniter\CodeIgniter->runController()
 4 SYSTEMPATH/CodeIgniter.php(361): CodeIgniter\CodeIgniter->handleRequest()
 5 FCPATH/index.php(79): CodeIgniter\CodeIgniter->run()
CRITICAL - 2024-04-17 18:30:20 --> Trying to access array offset on value of type null
in APPPATH/Controllers/Otpweb/Sistem.php on line 211.
 1 APPPATH/Controllers/Otpweb/Sistem.php(211): CodeIgniter\Debug\Exceptions->errorHandler()
 2 SYSTEMPATH/CodeIgniter.php(942): App\Controllers\Otpweb\Sistem->updateWaitingOrders()
 3 SYSTEMPATH/CodeIgniter.php(502): CodeIgniter\CodeIgniter->runController()
 4 SYSTEMPATH/CodeIgniter.php(361): CodeIgniter\CodeIgniter->handleRequest()
 5 FCPATH/index.php(79): CodeIgniter\CodeIgniter->run()
CRITICAL - 2024-04-17 18:30:24 --> Trying to access array offset on value of type null
in APPPATH/Controllers/Otpweb/Sistem.php on line 211.
 1 APPPATH/Controllers/Otpweb/Sistem.php(211): CodeIgniter\Debug\Exceptions->errorHandler()
 2 SYSTEMPATH/CodeIgniter.php(942): App\Controllers\Otpweb\Sistem->updateWaitingOrders()
 3 SYSTEMPATH/CodeIgniter.php(502): CodeIgniter\CodeIgniter->runController()
 4 SYSTEMPATH/CodeIgniter.php(361): CodeIgniter\CodeIgniter->handleRequest()
 5 FCPATH/index.php(79): CodeIgniter\CodeIgniter->run()
CRITICAL - 2024-04-17 18:30:34 --> Trying to access array offset on value of type null
in APPPATH/Controllers/Otpweb/Sistem.php on line 211.
 1 APPPATH/Controllers/Otpweb/Sistem.php(211): CodeIgniter\Debug\Exceptions->errorHandler()
 2 SYSTEMPATH/CodeIgniter.php(942): App\Controllers\Otpweb\Sistem->updateWaitingOrders()
 3 SYSTEMPATH/CodeIgniter.php(502): CodeIgniter\CodeIgniter->runController()
 4 SYSTEMPATH/CodeIgniter.php(361): CodeIgniter\CodeIgniter->handleRequest()
 5 FCPATH/index.php(79): CodeIgniter\CodeIgniter->run()
CRITICAL - 2024-04-17 18:30:34 --> Trying to access array offset on value of type null
in APPPATH/Controllers/Otpweb/Sistem.php on line 211.
 1 APPPATH/Controllers/Otpweb/Sistem.php(211): CodeIgniter\Debug\Exceptions->errorHandler()
 2 SYSTEMPATH/CodeIgniter.php(942): App\Controllers\Otpweb\Sistem->updateWaitingOrders()
 3 SYSTEMPATH/CodeIgniter.php(502): CodeIgniter\CodeIgniter->runController()
 4 SYSTEMPATH/CodeIgniter.php(361): CodeIgniter\CodeIgniter->handleRequest()
 5 FCPATH/index.php(79): CodeIgniter\CodeIgniter->run()
CRITICAL - 2024-04-17 18:30:39 --> Trying to access array offset on value of type null
in APPPATH/Controllers/Otpweb/Sistem.php on line 211.
 1 APPPATH/Controllers/Otpweb/Sistem.php(211): CodeIgniter\Debug\Exceptions->errorHandler()
 2 SYSTEMPATH/CodeIgniter.php(942): App\Controllers\Otpweb\Sistem->updateWaitingOrders()
 3 SYSTEMPATH/CodeIgniter.php(502): CodeIgniter\CodeIgniter->runController()
 4 SYSTEMPATH/CodeIgniter.php(361): CodeIgniter\CodeIgniter->handleRequest()
 5 FCPATH/index.php(79): CodeIgniter\CodeIgniter->run()
CRITICAL - 2024-04-17 18:30:50 --> Trying to access array offset on value of type null
in APPPATH/Controllers/Otpweb/Sistem.php on line 211.
 1 APPPATH/Controllers/Otpweb/Sistem.php(211): CodeIgniter\Debug\Exceptions->errorHandler()
 2 SYSTEMPATH/CodeIgniter.php(942): App\Controllers\Otpweb\Sistem->updateWaitingOrders()
 3 SYSTEMPATH/CodeIgniter.php(502): CodeIgniter\CodeIgniter->runController()
 4 SYSTEMPATH/CodeIgniter.php(361): CodeIgniter\CodeIgniter->handleRequest()
 5 FCPATH/index.php(79): CodeIgniter\CodeIgniter->run()
CRITICAL - 2024-04-17 18:30:51 --> Trying to access array offset on value of type null
in APPPATH/Controllers/Otpweb/Sistem.php on line 211.
 1 APPPATH/Controllers/Otpweb/Sistem.php(211): CodeIgniter\Debug\Exceptions->errorHandler()
 2 SYSTEMPATH/CodeIgniter.php(942): App\Controllers\Otpweb\Sistem->updateWaitingOrders()
 3 SYSTEMPATH/CodeIgniter.php(502): CodeIgniter\CodeIgniter->runController()
 4 SYSTEMPATH/CodeIgniter.php(361): CodeIgniter\CodeIgniter->handleRequest()
 5 FCPATH/index.php(79): CodeIgniter\CodeIgniter->run()
CRITICAL - 2024-04-17 18:30:54 --> Trying to access array offset on value of type null
in APPPATH/Controllers/Otpweb/Sistem.php on line 211.
 1 APPPATH/Controllers/Otpweb/Sistem.php(211): CodeIgniter\Debug\Exceptions->errorHandler()
 2 SYSTEMPATH/CodeIgniter.php(942): App\Controllers\Otpweb\Sistem->updateWaitingOrders()
 3 SYSTEMPATH/CodeIgniter.php(502): CodeIgniter\CodeIgniter->runController()
 4 SYSTEMPATH/CodeIgniter.php(361): CodeIgniter\CodeIgniter->handleRequest()
 5 FCPATH/index.php(79): CodeIgniter\CodeIgniter->run()
CRITICAL - 2024-04-17 18:30:59 --> Trying to access array offset on value of type null
in APPPATH/Controllers/Otpweb/Sistem.php on line 211.
 1 APPPATH/Controllers/Otpweb/Sistem.php(211): CodeIgniter\Debug\Exceptions->errorHandler()
 2 SYSTEMPATH/CodeIgniter.php(942): App\Controllers\Otpweb\Sistem->updateWaitingOrders()
 3 SYSTEMPATH/CodeIgniter.php(502): CodeIgniter\CodeIgniter->runController()
 4 SYSTEMPATH/CodeIgniter.php(361): CodeIgniter\CodeIgniter->handleRequest()
 5 FCPATH/index.php(79): CodeIgniter\CodeIgniter->run()
CRITICAL - 2024-04-17 18:31:42 --> Trying to access array offset on value of type null
in APPPATH/Controllers/Otpweb/Sistem.php on line 211.
 1 APPPATH/Controllers/Otpweb/Sistem.php(211): CodeIgniter\Debug\Exceptions->errorHandler()
 2 SYSTEMPATH/CodeIgniter.php(942): App\Controllers\Otpweb\Sistem->updateWaitingOrders()
 3 SYSTEMPATH/CodeIgniter.php(502): CodeIgniter\CodeIgniter->runController()
 4 SYSTEMPATH/CodeIgniter.php(361): CodeIgniter\CodeIgniter->handleRequest()
 5 FCPATH/index.php(79): CodeIgniter\CodeIgniter->run()
CRITICAL - 2024-04-17 18:31:43 --> Trying to access array offset on value of type null
in APPPATH/Controllers/Otpweb/Sistem.php on line 211.
 1 APPPATH/Controllers/Otpweb/Sistem.php(211): CodeIgniter\Debug\Exceptions->errorHandler()
 2 SYSTEMPATH/CodeIgniter.php(942): App\Controllers\Otpweb\Sistem->updateWaitingOrders()
 3 SYSTEMPATH/CodeIgniter.php(502): CodeIgniter\CodeIgniter->runController()
 4 SYSTEMPATH/CodeIgniter.php(361): CodeIgniter\CodeIgniter->handleRequest()
 5 FCPATH/index.php(79): CodeIgniter\CodeIgniter->run()
CRITICAL - 2024-04-17 18:31:48 --> Trying to access array offset on value of type null
in APPPATH/Controllers/Otpweb/Sistem.php on line 211.
 1 APPPATH/Controllers/Otpweb/Sistem.php(211): CodeIgniter\Debug\Exceptions->errorHandler()
 2 SYSTEMPATH/CodeIgniter.php(942): App\Controllers\Otpweb\Sistem->updateWaitingOrders()
 3 SYSTEMPATH/CodeIgniter.php(502): CodeIgniter\CodeIgniter->runController()
 4 SYSTEMPATH/CodeIgniter.php(361): CodeIgniter\CodeIgniter->handleRequest()
 5 FCPATH/index.php(79): CodeIgniter\CodeIgniter->run()
CRITICAL - 2024-04-17 18:31:58 --> Trying to access array offset on value of type null
in APPPATH/Controllers/Otpweb/Sistem.php on line 211.
 1 APPPATH/Controllers/Otpweb/Sistem.php(211): CodeIgniter\Debug\Exceptions->errorHandler()
 2 SYSTEMPATH/CodeIgniter.php(942): App\Controllers\Otpweb\Sistem->updateWaitingOrders()
 3 SYSTEMPATH/CodeIgniter.php(502): CodeIgniter\CodeIgniter->runController()
 4 SYSTEMPATH/CodeIgniter.php(361): CodeIgniter\CodeIgniter->handleRequest()
 5 FCPATH/index.php(79): CodeIgniter\CodeIgniter->run()
CRITICAL - 2024-04-17 18:31:58 --> Trying to access array offset on value of type null
in APPPATH/Controllers/Otpweb/Sistem.php on line 211.
 1 APPPATH/Controllers/Otpweb/Sistem.php(211): CodeIgniter\Debug\Exceptions->errorHandler()
 2 SYSTEMPATH/CodeIgniter.php(942): App\Controllers\Otpweb\Sistem->updateWaitingOrders()
 3 SYSTEMPATH/CodeIgniter.php(502): CodeIgniter\CodeIgniter->runController()
 4 SYSTEMPATH/CodeIgniter.php(361): CodeIgniter\CodeIgniter->handleRequest()
 5 FCPATH/index.php(79): CodeIgniter\CodeIgniter->run()
CRITICAL - 2024-04-17 18:32:04 --> Trying to access array offset on value of type null
in APPPATH/Controllers/Otpweb/Sistem.php on line 211.
 1 APPPATH/Controllers/Otpweb/Sistem.php(211): CodeIgniter\Debug\Exceptions->errorHandler()
 2 SYSTEMPATH/CodeIgniter.php(942): App\Controllers\Otpweb\Sistem->updateWaitingOrders()
 3 SYSTEMPATH/CodeIgniter.php(502): CodeIgniter\CodeIgniter->runController()
 4 SYSTEMPATH/CodeIgniter.php(361): CodeIgniter\CodeIgniter->handleRequest()
 5 FCPATH/index.php(79): CodeIgniter\CodeIgniter->run()
CRITICAL - 2024-04-17 18:32:14 --> Trying to access array offset on value of type null
in APPPATH/Controllers/Otpweb/Sistem.php on line 211.
 1 APPPATH/Controllers/Otpweb/Sistem.php(211): CodeIgniter\Debug\Exceptions->errorHandler()
 2 SYSTEMPATH/CodeIgniter.php(942): App\Controllers\Otpweb\Sistem->updateWaitingOrders()
 3 SYSTEMPATH/CodeIgniter.php(502): CodeIgniter\CodeIgniter->runController()
 4 SYSTEMPATH/CodeIgniter.php(361): CodeIgniter\CodeIgniter->handleRequest()
 5 FCPATH/index.php(79): CodeIgniter\CodeIgniter->run()
CRITICAL - 2024-04-17 18:32:14 --> Trying to access array offset on value of type null
in APPPATH/Controllers/Otpweb/Sistem.php on line 211.
 1 APPPATH/Controllers/Otpweb/Sistem.php(211): CodeIgniter\Debug\Exceptions->errorHandler()
 2 SYSTEMPATH/CodeIgniter.php(942): App\Controllers\Otpweb\Sistem->updateWaitingOrders()
 3 SYSTEMPATH/CodeIgniter.php(502): CodeIgniter\CodeIgniter->runController()
 4 SYSTEMPATH/CodeIgniter.php(361): CodeIgniter\CodeIgniter->handleRequest()
 5 FCPATH/index.php(79): CodeIgniter\CodeIgniter->run()
CRITICAL - 2024-04-17 18:32:18 --> Trying to access array offset on value of type null
in APPPATH/Controllers/Otpweb/Sistem.php on line 211.
 1 APPPATH/Controllers/Otpweb/Sistem.php(211): CodeIgniter\Debug\Exceptions->errorHandler()
 2 SYSTEMPATH/CodeIgniter.php(942): App\Controllers\Otpweb\Sistem->updateWaitingOrders()
 3 SYSTEMPATH/CodeIgniter.php(502): CodeIgniter\CodeIgniter->runController()
 4 SYSTEMPATH/CodeIgniter.php(361): CodeIgniter\CodeIgniter->handleRequest()
 5 FCPATH/index.php(79): CodeIgniter\CodeIgniter->run()
CRITICAL - 2024-04-17 18:32:23 --> Trying to access array offset on value of type null
in APPPATH/Controllers/Otpweb/Sistem.php on line 211.
 1 APPPATH/Controllers/Otpweb/Sistem.php(211): CodeIgniter\Debug\Exceptions->errorHandler()
 2 SYSTEMPATH/CodeIgniter.php(942): App\Controllers\Otpweb\Sistem->updateWaitingOrders()
 3 SYSTEMPATH/CodeIgniter.php(502): CodeIgniter\CodeIgniter->runController()
 4 SYSTEMPATH/CodeIgniter.php(361): CodeIgniter\CodeIgniter->handleRequest()
 5 FCPATH/index.php(79): CodeIgniter\CodeIgniter->run()
CRITICAL - 2024-04-17 18:32:34 --> Trying to access array offset on value of type null
in APPPATH/Controllers/Otpweb/Sistem.php on line 211.
 1 APPPATH/Controllers/Otpweb/Sistem.php(211): CodeIgniter\Debug\Exceptions->errorHandler()
 2 SYSTEMPATH/CodeIgniter.php(942): App\Controllers\Otpweb\Sistem->updateWaitingOrders()
 3 SYSTEMPATH/CodeIgniter.php(502): CodeIgniter\CodeIgniter->runController()
 4 SYSTEMPATH/CodeIgniter.php(361): CodeIgniter\CodeIgniter->handleRequest()
 5 FCPATH/index.php(79): CodeIgniter\CodeIgniter->run()
CRITICAL - 2024-04-17 18:32:34 --> Trying to access array offset on value of type null
in APPPATH/Controllers/Otpweb/Sistem.php on line 211.
 1 APPPATH/Controllers/Otpweb/Sistem.php(211): CodeIgniter\Debug\Exceptions->errorHandler()
 2 SYSTEMPATH/CodeIgniter.php(942): App\Controllers\Otpweb\Sistem->updateWaitingOrders()
 3 SYSTEMPATH/CodeIgniter.php(502): CodeIgniter\CodeIgniter->runController()
 4 SYSTEMPATH/CodeIgniter.php(361): CodeIgniter\CodeIgniter->handleRequest()
 5 FCPATH/index.php(79): CodeIgniter\CodeIgniter->run()
CRITICAL - 2024-04-17 18:32:39 --> Trying to access array offset on value of type null
in APPPATH/Controllers/Otpweb/Sistem.php on line 211.
 1 APPPATH/Controllers/Otpweb/Sistem.php(211): CodeIgniter\Debug\Exceptions->errorHandler()
 2 SYSTEMPATH/CodeIgniter.php(942): App\Controllers\Otpweb\Sistem->updateWaitingOrders()
 3 SYSTEMPATH/CodeIgniter.php(502): CodeIgniter\CodeIgniter->runController()
 4 SYSTEMPATH/CodeIgniter.php(361): CodeIgniter\CodeIgniter->handleRequest()
 5 FCPATH/index.php(79): CodeIgniter\CodeIgniter->run()
CRITICAL - 2024-04-17 18:32:43 --> Trying to access array offset on value of type null
in APPPATH/Controllers/Otpweb/Sistem.php on line 211.
 1 APPPATH/Controllers/Otpweb/Sistem.php(211): CodeIgniter\Debug\Exceptions->errorHandler()
 2 SYSTEMPATH/CodeIgniter.php(942): App\Controllers\Otpweb\Sistem->updateWaitingOrders()
 3 SYSTEMPATH/CodeIgniter.php(502): CodeIgniter\CodeIgniter->runController()
 4 SYSTEMPATH/CodeIgniter.php(361): CodeIgniter\CodeIgniter->handleRequest()
 5 FCPATH/index.php(79): CodeIgniter\CodeIgniter->run()
CRITICAL - 2024-04-17 18:32:54 --> Trying to access array offset on value of type null
in APPPATH/Controllers/Otpweb/Sistem.php on line 211.
 1 APPPATH/Controllers/Otpweb/Sistem.php(211): CodeIgniter\Debug\Exceptions->errorHandler()
 2 SYSTEMPATH/CodeIgniter.php(942): App\Controllers\Otpweb\Sistem->updateWaitingOrders()
 3 SYSTEMPATH/CodeIgniter.php(502): CodeIgniter\CodeIgniter->runController()
 4 SYSTEMPATH/CodeIgniter.php(361): CodeIgniter\CodeIgniter->handleRequest()
 5 FCPATH/index.php(79): CodeIgniter\CodeIgniter->run()
CRITICAL - 2024-04-17 18:32:54 --> Trying to access array offset on value of type null
in APPPATH/Controllers/Otpweb/Sistem.php on line 211.
 1 APPPATH/Controllers/Otpweb/Sistem.php(211): CodeIgniter\Debug\Exceptions->errorHandler()
 2 SYSTEMPATH/CodeIgniter.php(942): App\Controllers\Otpweb\Sistem->updateWaitingOrders()
 3 SYSTEMPATH/CodeIgniter.php(502): CodeIgniter\CodeIgniter->runController()
 4 SYSTEMPATH/CodeIgniter.php(361): CodeIgniter\CodeIgniter->handleRequest()
 5 FCPATH/index.php(79): CodeIgniter\CodeIgniter->run()
CRITICAL - 2024-04-17 18:32:58 --> Trying to access array offset on value of type null
in APPPATH/Controllers/Otpweb/Sistem.php on line 211.
 1 APPPATH/Controllers/Otpweb/Sistem.php(211): CodeIgniter\Debug\Exceptions->errorHandler()
 2 SYSTEMPATH/CodeIgniter.php(942): App\Controllers\Otpweb\Sistem->updateWaitingOrders()
 3 SYSTEMPATH/CodeIgniter.php(502): CodeIgniter\CodeIgniter->runController()
 4 SYSTEMPATH/CodeIgniter.php(361): CodeIgniter\CodeIgniter->handleRequest()
 5 FCPATH/index.php(79): CodeIgniter\CodeIgniter->run()
CRITICAL - 2024-04-17 18:33:03 --> Trying to access array offset on value of type null
in APPPATH/Controllers/Otpweb/Sistem.php on line 211.
 1 APPPATH/Controllers/Otpweb/Sistem.php(211): CodeIgniter\Debug\Exceptions->errorHandler()
 2 SYSTEMPATH/CodeIgniter.php(942): App\Controllers\Otpweb\Sistem->updateWaitingOrders()
 3 SYSTEMPATH/CodeIgniter.php(502): CodeIgniter\CodeIgniter->runController()
 4 SYSTEMPATH/CodeIgniter.php(361): CodeIgniter\CodeIgniter->handleRequest()
 5 FCPATH/index.php(79): CodeIgniter\CodeIgniter->run()
CRITICAL - 2024-04-17 18:33:14 --> Trying to access array offset on value of type null
in APPPATH/Controllers/Otpweb/Sistem.php on line 211.
 1 APPPATH/Controllers/Otpweb/Sistem.php(211): CodeIgniter\Debug\Exceptions->errorHandler()
 2 SYSTEMPATH/CodeIgniter.php(942): App\Controllers\Otpweb\Sistem->updateWaitingOrders()
 3 SYSTEMPATH/CodeIgniter.php(502): CodeIgniter\CodeIgniter->runController()
 4 SYSTEMPATH/CodeIgniter.php(361): CodeIgniter\CodeIgniter->handleRequest()
 5 FCPATH/index.php(79): CodeIgniter\CodeIgniter->run()
CRITICAL - 2024-04-17 18:33:14 --> Trying to access array offset on value of type null
in APPPATH/Controllers/Otpweb/Sistem.php on line 211.
 1 APPPATH/Controllers/Otpweb/Sistem.php(211): CodeIgniter\Debug\Exceptions->errorHandler()
 2 SYSTEMPATH/CodeIgniter.php(942): App\Controllers\Otpweb\Sistem->updateWaitingOrders()
 3 SYSTEMPATH/CodeIgniter.php(502): CodeIgniter\CodeIgniter->runController()
 4 SYSTEMPATH/CodeIgniter.php(361): CodeIgniter\CodeIgniter->handleRequest()
 5 FCPATH/index.php(79): CodeIgniter\CodeIgniter->run()
CRITICAL - 2024-04-17 18:33:19 --> Trying to access array offset on value of type null
in APPPATH/Controllers/Otpweb/Sistem.php on line 211.
 1 APPPATH/Controllers/Otpweb/Sistem.php(211): CodeIgniter\Debug\Exceptions->errorHandler()
 2 SYSTEMPATH/CodeIgniter.php(942): App\Controllers\Otpweb\Sistem->updateWaitingOrders()
 3 SYSTEMPATH/CodeIgniter.php(502): CodeIgniter\CodeIgniter->runController()
 4 SYSTEMPATH/CodeIgniter.php(361): CodeIgniter\CodeIgniter->handleRequest()
 5 FCPATH/index.php(79): CodeIgniter\CodeIgniter->run()
CRITICAL - 2024-04-17 18:33:23 --> Trying to access array offset on value of type null
in APPPATH/Controllers/Otpweb/Sistem.php on line 211.
 1 APPPATH/Controllers/Otpweb/Sistem.php(211): CodeIgniter\Debug\Exceptions->errorHandler()
 2 SYSTEMPATH/CodeIgniter.php(942): App\Controllers\Otpweb\Sistem->updateWaitingOrders()
 3 SYSTEMPATH/CodeIgniter.php(502): CodeIgniter\CodeIgniter->runController()
 4 SYSTEMPATH/CodeIgniter.php(361): CodeIgniter\CodeIgniter->handleRequest()
 5 FCPATH/index.php(79): CodeIgniter\CodeIgniter->run()
CRITICAL - 2024-04-17 18:33:34 --> Trying to access array offset on value of type null
in APPPATH/Controllers/Otpweb/Sistem.php on line 211.
 1 APPPATH/Controllers/Otpweb/Sistem.php(211): CodeIgniter\Debug\Exceptions->errorHandler()
 2 SYSTEMPATH/CodeIgniter.php(942): App\Controllers\Otpweb\Sistem->updateWaitingOrders()
 3 SYSTEMPATH/CodeIgniter.php(502): CodeIgniter\CodeIgniter->runController()
 4 SYSTEMPATH/CodeIgniter.php(361): CodeIgniter\CodeIgniter->handleRequest()
 5 FCPATH/index.php(79): CodeIgniter\CodeIgniter->run()
CRITICAL - 2024-04-17 18:33:34 --> Trying to access array offset on value of type null
in APPPATH/Controllers/Otpweb/Sistem.php on line 211.
 1 APPPATH/Controllers/Otpweb/Sistem.php(211): CodeIgniter\Debug\Exceptions->errorHandler()
 2 SYSTEMPATH/CodeIgniter.php(942): App\Controllers\Otpweb\Sistem->updateWaitingOrders()
 3 SYSTEMPATH/CodeIgniter.php(502): CodeIgniter\CodeIgniter->runController()
 4 SYSTEMPATH/CodeIgniter.php(361): CodeIgniter\CodeIgniter->handleRequest()
 5 FCPATH/index.php(79): CodeIgniter\CodeIgniter->run()
CRITICAL - 2024-04-17 18:33:38 --> Trying to access array offset on value of type null
in APPPATH/Controllers/Otpweb/Sistem.php on line 211.
 1 APPPATH/Controllers/Otpweb/Sistem.php(211): CodeIgniter\Debug\Exceptions->errorHandler()
 2 SYSTEMPATH/CodeIgniter.php(942): App\Controllers\Otpweb\Sistem->updateWaitingOrders()
 3 SYSTEMPATH/CodeIgniter.php(502): CodeIgniter\CodeIgniter->runController()
 4 SYSTEMPATH/CodeIgniter.php(361): CodeIgniter\CodeIgniter->handleRequest()
 5 FCPATH/index.php(79): CodeIgniter\CodeIgniter->run()
CRITICAL - 2024-04-17 18:34:14 --> Trying to access array offset on value of type null
in APPPATH/Controllers/Otpweb/Sistem.php on line 211.
 1 APPPATH/Controllers/Otpweb/Sistem.php(211): CodeIgniter\Debug\Exceptions->errorHandler()
 2 SYSTEMPATH/CodeIgniter.php(942): App\Controllers\Otpweb\Sistem->updateWaitingOrders()
 3 SYSTEMPATH/CodeIgniter.php(502): CodeIgniter\CodeIgniter->runController()
 4 SYSTEMPATH/CodeIgniter.php(361): CodeIgniter\CodeIgniter->handleRequest()
 5 FCPATH/index.php(79): CodeIgniter\CodeIgniter->run()
CRITICAL - 2024-04-17 18:35:14 --> Trying to access array offset on value of type null
in APPPATH/Controllers/Otpweb/Sistem.php on line 211.
 1 APPPATH/Controllers/Otpweb/Sistem.php(211): CodeIgniter\Debug\Exceptions->errorHandler()
 2 SYSTEMPATH/CodeIgniter.php(942): App\Controllers\Otpweb\Sistem->updateWaitingOrders()
 3 SYSTEMPATH/CodeIgniter.php(502): CodeIgniter\CodeIgniter->runController()
 4 SYSTEMPATH/CodeIgniter.php(361): CodeIgniter\CodeIgniter->handleRequest()
 5 FCPATH/index.php(79): CodeIgniter\CodeIgniter->run()
CRITICAL - 2024-04-17 18:36:14 --> Trying to access array offset on value of type null
in APPPATH/Controllers/Otpweb/Sistem.php on line 211.
 1 APPPATH/Controllers/Otpweb/Sistem.php(211): CodeIgniter\Debug\Exceptions->errorHandler()
 2 SYSTEMPATH/CodeIgniter.php(942): App\Controllers\Otpweb\Sistem->updateWaitingOrders()
 3 SYSTEMPATH/CodeIgniter.php(502): CodeIgniter\CodeIgniter->runController()
 4 SYSTEMPATH/CodeIgniter.php(361): CodeIgniter\CodeIgniter->handleRequest()
 5 FCPATH/index.php(79): CodeIgniter\CodeIgniter->run()
CRITICAL - 2024-04-17 18:37:15 --> Trying to access array offset on value of type null
in APPPATH/Controllers/Otpweb/Sistem.php on line 211.
 1 APPPATH/Controllers/Otpweb/Sistem.php(211): CodeIgniter\Debug\Exceptions->errorHandler()
 2 SYSTEMPATH/CodeIgniter.php(942): App\Controllers\Otpweb\Sistem->updateWaitingOrders()
 3 SYSTEMPATH/CodeIgniter.php(502): CodeIgniter\CodeIgniter->runController()
 4 SYSTEMPATH/CodeIgniter.php(361): CodeIgniter\CodeIgniter->handleRequest()
 5 FCPATH/index.php(79): CodeIgniter\CodeIgniter->run()
CRITICAL - 2024-04-17 19:30:50 --> Trying to access array offset on value of type null
in APPPATH/Controllers/Otpweb/Sistem.php on line 211.
 1 APPPATH/Controllers/Otpweb/Sistem.php(211): CodeIgniter\Debug\Exceptions->errorHandler()
 2 SYSTEMPATH/CodeIgniter.php(942): App\Controllers\Otpweb\Sistem->updateWaitingOrders()
 3 SYSTEMPATH/CodeIgniter.php(502): CodeIgniter\CodeIgniter->runController()
 4 SYSTEMPATH/CodeIgniter.php(361): CodeIgniter\CodeIgniter->handleRequest()
 5 FCPATH/index.php(79): CodeIgniter\CodeIgniter->run()
CRITICAL - 2024-04-17 19:30:50 --> Trying to access array offset on value of type null
in APPPATH/Controllers/Otpweb/Sistem.php on line 211.
 1 APPPATH/Controllers/Otpweb/Sistem.php(211): CodeIgniter\Debug\Exceptions->errorHandler()
 2 SYSTEMPATH/CodeIgniter.php(942): App\Controllers\Otpweb\Sistem->updateWaitingOrders()
 3 SYSTEMPATH/CodeIgniter.php(502): CodeIgniter\CodeIgniter->runController()
 4 SYSTEMPATH/CodeIgniter.php(361): CodeIgniter\CodeIgniter->handleRequest()
 5 FCPATH/index.php(79): CodeIgniter\CodeIgniter->run()
CRITICAL - 2024-04-17 19:30:54 --> Trying to access array offset on value of type null
in APPPATH/Controllers/Otpweb/Sistem.php on line 211.
 1 APPPATH/Controllers/Otpweb/Sistem.php(211): CodeIgniter\Debug\Exceptions->errorHandler()
 2 SYSTEMPATH/CodeIgniter.php(942): App\Controllers\Otpweb\Sistem->updateWaitingOrders()
 3 SYSTEMPATH/CodeIgniter.php(502): CodeIgniter\CodeIgniter->runController()
 4 SYSTEMPATH/CodeIgniter.php(361): CodeIgniter\CodeIgniter->handleRequest()
 5 FCPATH/index.php(79): CodeIgniter\CodeIgniter->run()
CRITICAL - 2024-04-17 19:31:04 --> Trying to access array offset on value of type null
in APPPATH/Controllers/Otpweb/Sistem.php on line 211.
 1 APPPATH/Controllers/Otpweb/Sistem.php(211): CodeIgniter\Debug\Exceptions->errorHandler()
 2 SYSTEMPATH/CodeIgniter.php(942): App\Controllers\Otpweb\Sistem->updateWaitingOrders()
 3 SYSTEMPATH/CodeIgniter.php(502): CodeIgniter\CodeIgniter->runController()
 4 SYSTEMPATH/CodeIgniter.php(361): CodeIgniter\CodeIgniter->handleRequest()
 5 FCPATH/index.php(79): CodeIgniter\CodeIgniter->run()
CRITICAL - 2024-04-17 19:31:05 --> Trying to access array offset on value of type null
in APPPATH/Controllers/Otpweb/Sistem.php on line 211.
 1 APPPATH/Controllers/Otpweb/Sistem.php(211): CodeIgniter\Debug\Exceptions->errorHandler()
 2 SYSTEMPATH/CodeIgniter.php(942): App\Controllers\Otpweb\Sistem->updateWaitingOrders()
 3 SYSTEMPATH/CodeIgniter.php(502): CodeIgniter\CodeIgniter->runController()
 4 SYSTEMPATH/CodeIgniter.php(361): CodeIgniter\CodeIgniter->handleRequest()
 5 FCPATH/index.php(79): CodeIgniter\CodeIgniter->run()
CRITICAL - 2024-04-17 19:31:09 --> Trying to access array offset on value of type null
in APPPATH/Controllers/Otpweb/Sistem.php on line 211.
 1 APPPATH/Controllers/Otpweb/Sistem.php(211): CodeIgniter\Debug\Exceptions->errorHandler()
 2 SYSTEMPATH/CodeIgniter.php(942): App\Controllers\Otpweb\Sistem->updateWaitingOrders()
 3 SYSTEMPATH/CodeIgniter.php(502): CodeIgniter\CodeIgniter->runController()
 4 SYSTEMPATH/CodeIgniter.php(361): CodeIgniter\CodeIgniter->handleRequest()
 5 FCPATH/index.php(79): CodeIgniter\CodeIgniter->run()
CRITICAL - 2024-04-17 19:31:20 --> Trying to access array offset on value of type null
in APPPATH/Controllers/Otpweb/Sistem.php on line 211.
 1 APPPATH/Controllers/Otpweb/Sistem.php(211): CodeIgniter\Debug\Exceptions->errorHandler()
 2 SYSTEMPATH/CodeIgniter.php(942): App\Controllers\Otpweb\Sistem->updateWaitingOrders()
 3 SYSTEMPATH/CodeIgniter.php(502): CodeIgniter\CodeIgniter->runController()
 4 SYSTEMPATH/CodeIgniter.php(361): CodeIgniter\CodeIgniter->handleRequest()
 5 FCPATH/index.php(79): CodeIgniter\CodeIgniter->run()
CRITICAL - 2024-04-17 19:31:20 --> Trying to access array offset on value of type null
in APPPATH/Controllers/Otpweb/Sistem.php on line 211.
 1 APPPATH/Controllers/Otpweb/Sistem.php(211): CodeIgniter\Debug\Exceptions->errorHandler()
 2 SYSTEMPATH/CodeIgniter.php(942): App\Controllers\Otpweb\Sistem->updateWaitingOrders()
 3 SYSTEMPATH/CodeIgniter.php(502): CodeIgniter\CodeIgniter->runController()
 4 SYSTEMPATH/CodeIgniter.php(361): CodeIgniter\CodeIgniter->handleRequest()
 5 FCPATH/index.php(79): CodeIgniter\CodeIgniter->run()
CRITICAL - 2024-04-17 19:31:24 --> Trying to access array offset on value of type null
in APPPATH/Controllers/Otpweb/Sistem.php on line 211.
 1 APPPATH/Controllers/Otpweb/Sistem.php(211): CodeIgniter\Debug\Exceptions->errorHandler()
 2 SYSTEMPATH/CodeIgniter.php(942): App\Controllers\Otpweb\Sistem->updateWaitingOrders()
 3 SYSTEMPATH/CodeIgniter.php(502): CodeIgniter\CodeIgniter->runController()
 4 SYSTEMPATH/CodeIgniter.php(361): CodeIgniter\CodeIgniter->handleRequest()
 5 FCPATH/index.php(79): CodeIgniter\CodeIgniter->run()
CRITICAL - 2024-04-17 19:31:34 --> Trying to access array offset on value of type null
in APPPATH/Controllers/Otpweb/Sistem.php on line 211.
 1 APPPATH/Controllers/Otpweb/Sistem.php(211): CodeIgniter\Debug\Exceptions->errorHandler()
 2 SYSTEMPATH/CodeIgniter.php(942): App\Controllers\Otpweb\Sistem->updateWaitingOrders()
 3 SYSTEMPATH/CodeIgniter.php(502): CodeIgniter\CodeIgniter->runController()
 4 SYSTEMPATH/CodeIgniter.php(361): CodeIgniter\CodeIgniter->handleRequest()
 5 FCPATH/index.php(79): CodeIgniter\CodeIgniter->run()
CRITICAL - 2024-04-17 19:31:35 --> Trying to access array offset on value of type null
in APPPATH/Controllers/Otpweb/Sistem.php on line 211.
 1 APPPATH/Controllers/Otpweb/Sistem.php(211): CodeIgniter\Debug\Exceptions->errorHandler()
 2 SYSTEMPATH/CodeIgniter.php(942): App\Controllers\Otpweb\Sistem->updateWaitingOrders()
 3 SYSTEMPATH/CodeIgniter.php(502): CodeIgniter\CodeIgniter->runController()
 4 SYSTEMPATH/CodeIgniter.php(361): CodeIgniter\CodeIgniter->handleRequest()
 5 FCPATH/index.php(79): CodeIgniter\CodeIgniter->run()
CRITICAL - 2024-04-17 19:31:40 --> Trying to access array offset on value of type null
in APPPATH/Controllers/Otpweb/Sistem.php on line 211.
 1 APPPATH/Controllers/Otpweb/Sistem.php(211): CodeIgniter\Debug\Exceptions->errorHandler()
 2 SYSTEMPATH/CodeIgniter.php(942): App\Controllers\Otpweb\Sistem->updateWaitingOrders()
 3 SYSTEMPATH/CodeIgniter.php(502): CodeIgniter\CodeIgniter->runController()
 4 SYSTEMPATH/CodeIgniter.php(361): CodeIgniter\CodeIgniter->handleRequest()
 5 FCPATH/index.php(79): CodeIgniter\CodeIgniter->run()
CRITICAL - 2024-04-17 19:32:05 --> Trying to access array offset on value of type null
in APPPATH/Controllers/Otpweb/Sistem.php on line 211.
 1 APPPATH/Controllers/Otpweb/Sistem.php(211): CodeIgniter\Debug\Exceptions->errorHandler()
 2 SYSTEMPATH/CodeIgniter.php(942): App\Controllers\Otpweb\Sistem->updateWaitingOrders()
 3 SYSTEMPATH/CodeIgniter.php(502): CodeIgniter\CodeIgniter->runController()
 4 SYSTEMPATH/CodeIgniter.php(361): CodeIgniter\CodeIgniter->handleRequest()
 5 FCPATH/index.php(79): CodeIgniter\CodeIgniter->run()
CRITICAL - 2024-04-17 19:33:03 --> Trying to access array offset on value of type null
in APPPATH/Controllers/Otpweb/Sistem.php on line 211.
 1 APPPATH/Controllers/Otpweb/Sistem.php(211): CodeIgniter\Debug\Exceptions->errorHandler()
 2 SYSTEMPATH/CodeIgniter.php(942): App\Controllers\Otpweb\Sistem->updateWaitingOrders()
 3 SYSTEMPATH/CodeIgniter.php(502): CodeIgniter\CodeIgniter->runController()
 4 SYSTEMPATH/CodeIgniter.php(361): CodeIgniter\CodeIgniter->handleRequest()
 5 FCPATH/index.php(79): CodeIgniter\CodeIgniter->run()
CRITICAL - 2024-04-17 19:34:04 --> Trying to access array offset on value of type null
in APPPATH/Controllers/Otpweb/Sistem.php on line 211.
 1 APPPATH/Controllers/Otpweb/Sistem.php(211): CodeIgniter\Debug\Exceptions->errorHandler()
 2 SYSTEMPATH/CodeIgniter.php(942): App\Controllers\Otpweb\Sistem->updateWaitingOrders()
 3 SYSTEMPATH/CodeIgniter.php(502): CodeIgniter\CodeIgniter->runController()
 4 SYSTEMPATH/CodeIgniter.php(361): CodeIgniter\CodeIgniter->handleRequest()
 5 FCPATH/index.php(79): CodeIgniter\CodeIgniter->run()
CRITICAL - 2024-04-17 19:35:04 --> Trying to access array offset on value of type null
in APPPATH/Controllers/Otpweb/Sistem.php on line 211.
 1 APPPATH/Controllers/Otpweb/Sistem.php(211): CodeIgniter\Debug\Exceptions->errorHandler()
 2 SYSTEMPATH/CodeIgniter.php(942): App\Controllers\Otpweb\Sistem->updateWaitingOrders()
 3 SYSTEMPATH/CodeIgniter.php(502): CodeIgniter\CodeIgniter->runController()
 4 SYSTEMPATH/CodeIgniter.php(361): CodeIgniter\CodeIgniter->handleRequest()
 5 FCPATH/index.php(79): CodeIgniter\CodeIgniter->run()
CRITICAL - 2024-04-17 20:05:36 --> Invalid file: "user/turbootp/orders.php"
in SYSTEMPATH/Exceptions/FrameworkException.php on line 39.
 1 SYSTEMPATH/View/View.php(216): CodeIgniter\Exceptions\FrameworkException::forInvalidFile('user/turbootp/orders.php')
 2 SYSTEMPATH/Common.php(1190): CodeIgniter\View\View->render('user/turbootp/orders', [], true)
 3 APPPATH/Controllers/Turbootp/Orders.php(64): view('user/turbootp/orders', [...])
 4 SYSTEMPATH/CodeIgniter.php(942): App\Controllers\Turbootp\Orders->index()
 5 SYSTEMPATH/CodeIgniter.php(502): CodeIgniter\CodeIgniter->runController(Object(App\Controllers\Turbootp\Orders))
 6 SYSTEMPATH/CodeIgniter.php(361): CodeIgniter\CodeIgniter->handleRequest(null, Object(Config\Cache), false)
 7 FCPATH/index.php(79): CodeIgniter\CodeIgniter->run()
CRITICAL - 2024-04-17 20:06:25 --> Undefined variable $countries
in APPPATH/Views/user/turbootp/orders.php on line 62.
 1 APPPATH/Views/user/turbootp/orders.php(62): CodeIgniter\Debug\Exceptions->errorHandler(2, 'Undefined variable $countries', '/storage/emulated/0/ksweb/tools/phpMyAdmin/jasaotp/app/Views/user/turbootp/orders.php', 62)
 2 SYSTEMPATH/View/View.php(228): include('/storage/emulated/0/ksweb/tools/phpMyAdmin/jasaotp/app/Views/user/turbootp/orders.php')
 3 SYSTEMPATH/View/View.php(231): CodeIgniter\View\View->CodeIgniter\View\{closure}()
 4 SYSTEMPATH/Common.php(1190): CodeIgniter\View\View->render('user/turbootp/orders', [], true)
 5 APPPATH/Controllers/Turbootp/Orders.php(64): view('user/turbootp/orders', [...])
 6 SYSTEMPATH/CodeIgniter.php(942): App\Controllers\Turbootp\Orders->index()
 7 SYSTEMPATH/CodeIgniter.php(502): CodeIgniter\CodeIgniter->runController(Object(App\Controllers\Turbootp\Orders))
 8 SYSTEMPATH/CodeIgniter.php(361): CodeIgniter\CodeIgniter->handleRequest(null, Object(Config\Cache), false)
 9 FCPATH/index.php(79): CodeIgniter\CodeIgniter->run()
CRITICAL - 2024-04-17 20:07:15 --> Undefined variable $countries
in APPPATH/Views/user/turbootp/orders.php on line 67.
 1 APPPATH/Views/user/turbootp/orders.php(67): CodeIgniter\Debug\Exceptions->errorHandler(2, 'Undefined variable $countries', '/storage/emulated/0/ksweb/tools/phpMyAdmin/jasaotp/app/Views/user/turbootp/orders.php', 67)
 2 SYSTEMPATH/View/View.php(228): include('/storage/emulated/0/ksweb/tools/phpMyAdmin/jasaotp/app/Views/user/turbootp/orders.php')
 3 SYSTEMPATH/View/View.php(231): CodeIgniter\View\View->CodeIgniter\View\{closure}()
 4 SYSTEMPATH/Common.php(1190): CodeIgniter\View\View->render('user/turbootp/orders', [], true)
 5 APPPATH/Controllers/Turbootp/Orders.php(64): view('user/turbootp/orders', [...])
 6 SYSTEMPATH/CodeIgniter.php(942): App\Controllers\Turbootp\Orders->index()
 7 SYSTEMPATH/CodeIgniter.php(502): CodeIgniter\CodeIgniter->runController(Object(App\Controllers\Turbootp\Orders))
 8 SYSTEMPATH/CodeIgniter.php(361): CodeIgniter\CodeIgniter->handleRequest(null, Object(Config\Cache), false)
 9 FCPATH/index.php(79): CodeIgniter\CodeIgniter->run()
CRITICAL - 2024-04-17 20:07:39 --> Undefined array key "turbootp_apikey"
in APPPATH/Controllers/Turbootp/Sistem.php on line 77.
 1 APPPATH/Controllers/Turbootp/Sistem.php(77): CodeIgniter\Debug\Exceptions->errorHandler(2, 'Undefined array key "turbootp_apikey"', '/storage/emulated/0/ksweb/tools/phpMyAdmin/jasaotp/app/Controllers/Turbootp/Sistem.php', 77)
 2 SYSTEMPATH/CodeIgniter.php(942): App\Controllers\Turbootp\Sistem->updateWaitingOrders()
 3 SYSTEMPATH/CodeIgniter.php(502): CodeIgniter\CodeIgniter->runController(Object(App\Controllers\Turbootp\Sistem))
 4 SYSTEMPATH/CodeIgniter.php(361): CodeIgniter\CodeIgniter->handleRequest(null, Object(Config\Cache), false)
 5 FCPATH/index.php(79): CodeIgniter\CodeIgniter->run()
CRITICAL - 2024-04-17 20:07:45 --> Undefined array key "turbootp_apikey"
in APPPATH/Controllers/Turbootp/Sistem.php on line 77.
 1 APPPATH/Controllers/Turbootp/Sistem.php(77): CodeIgniter\Debug\Exceptions->errorHandler(2, 'Undefined array key "turbootp_apikey"', '/storage/emulated/0/ksweb/tools/phpMyAdmin/jasaotp/app/Controllers/Turbootp/Sistem.php', 77)
 2 SYSTEMPATH/CodeIgniter.php(942): App\Controllers\Turbootp\Sistem->updateWaitingOrders()
 3 SYSTEMPATH/CodeIgniter.php(502): CodeIgniter\CodeIgniter->runController(Object(App\Controllers\Turbootp\Sistem))
 4 SYSTEMPATH/CodeIgniter.php(361): CodeIgniter\CodeIgniter->handleRequest(null, Object(Config\Cache), false)
 5 FCPATH/index.php(79): CodeIgniter\CodeIgniter->run()
CRITICAL - 2024-04-17 20:07:50 --> Undefined array key "turbootp_apikey"
in APPPATH/Controllers/Turbootp/Sistem.php on line 77.
 1 APPPATH/Controllers/Turbootp/Sistem.php(77): CodeIgniter\Debug\Exceptions->errorHandler(2, 'Undefined array key "turbootp_apikey"', '/storage/emulated/0/ksweb/tools/phpMyAdmin/jasaotp/app/Controllers/Turbootp/Sistem.php', 77)
 2 SYSTEMPATH/CodeIgniter.php(942): App\Controllers\Turbootp\Sistem->updateWaitingOrders()
 3 SYSTEMPATH/CodeIgniter.php(502): CodeIgniter\CodeIgniter->runController(Object(App\Controllers\Turbootp\Sistem))
 4 SYSTEMPATH/CodeIgniter.php(361): CodeIgniter\CodeIgniter->handleRequest(null, Object(Config\Cache), false)
 5 FCPATH/index.php(79): CodeIgniter\CodeIgniter->run()
CRITICAL - 2024-04-17 20:07:55 --> Undefined array key "turbootp_apikey"
in APPPATH/Controllers/Turbootp/Sistem.php on line 77.
 1 APPPATH/Controllers/Turbootp/Sistem.php(77): CodeIgniter\Debug\Exceptions->errorHandler(2, 'Undefined array key "turbootp_apikey"', '/storage/emulated/0/ksweb/tools/phpMyAdmin/jasaotp/app/Controllers/Turbootp/Sistem.php', 77)
 2 SYSTEMPATH/CodeIgniter.php(942): App\Controllers\Turbootp\Sistem->updateWaitingOrders()
 3 SYSTEMPATH/CodeIgniter.php(502): CodeIgniter\CodeIgniter->runController(Object(App\Controllers\Turbootp\Sistem))
 4 SYSTEMPATH/CodeIgniter.php(361): CodeIgniter\CodeIgniter->handleRequest(null, Object(Config\Cache), false)
 5 FCPATH/index.php(79): CodeIgniter\CodeIgniter->run()
CRITICAL - 2024-04-17 20:08:00 --> Undefined array key "turbootp_apikey"
in APPPATH/Controllers/Turbootp/Sistem.php on line 77.
 1 APPPATH/Controllers/Turbootp/Sistem.php(77): CodeIgniter\Debug\Exceptions->errorHandler(2, 'Undefined array key "turbootp_apikey"', '/storage/emulated/0/ksweb/tools/phpMyAdmin/jasaotp/app/Controllers/Turbootp/Sistem.php', 77)
 2 SYSTEMPATH/CodeIgniter.php(942): App\Controllers\Turbootp\Sistem->updateWaitingOrders()
 3 SYSTEMPATH/CodeIgniter.php(502): CodeIgniter\CodeIgniter->runController(Object(App\Controllers\Turbootp\Sistem))
 4 SYSTEMPATH/CodeIgniter.php(361): CodeIgniter\CodeIgniter->handleRequest(null, Object(Config\Cache), false)
 5 FCPATH/index.php(79): CodeIgniter\CodeIgniter->run()
CRITICAL - 2024-04-17 20:08:05 --> Undefined array key "turbootp_apikey"
in APPPATH/Controllers/Turbootp/Sistem.php on line 77.
 1 APPPATH/Controllers/Turbootp/Sistem.php(77): CodeIgniter\Debug\Exceptions->errorHandler(2, 'Undefined array key "turbootp_apikey"', '/storage/emulated/0/ksweb/tools/phpMyAdmin/jasaotp/app/Controllers/Turbootp/Sistem.php', 77)
 2 SYSTEMPATH/CodeIgniter.php(942): App\Controllers\Turbootp\Sistem->updateWaitingOrders()
 3 SYSTEMPATH/CodeIgniter.php(502): CodeIgniter\CodeIgniter->runController(Object(App\Controllers\Turbootp\Sistem))
 4 SYSTEMPATH/CodeIgniter.php(361): CodeIgniter\CodeIgniter->handleRequest(null, Object(Config\Cache), false)
 5 FCPATH/index.php(79): CodeIgniter\CodeIgniter->run()
CRITICAL - 2024-04-17 20:08:10 --> Undefined array key "turbootp_apikey"
in APPPATH/Controllers/Turbootp/Sistem.php on line 77.
 1 APPPATH/Controllers/Turbootp/Sistem.php(77): CodeIgniter\Debug\Exceptions->errorHandler(2, 'Undefined array key "turbootp_apikey"', '/storage/emulated/0/ksweb/tools/phpMyAdmin/jasaotp/app/Controllers/Turbootp/Sistem.php', 77)
 2 SYSTEMPATH/CodeIgniter.php(942): App\Controllers\Turbootp\Sistem->updateWaitingOrders()
 3 SYSTEMPATH/CodeIgniter.php(502): CodeIgniter\CodeIgniter->runController(Object(App\Controllers\Turbootp\Sistem))
 4 SYSTEMPATH/CodeIgniter.php(361): CodeIgniter\CodeIgniter->handleRequest(null, Object(Config\Cache), false)
 5 FCPATH/index.php(79): CodeIgniter\CodeIgniter->run()
CRITICAL - 2024-04-17 20:08:15 --> Undefined array key "turbootp_apikey"
in APPPATH/Controllers/Turbootp/Sistem.php on line 77.
 1 APPPATH/Controllers/Turbootp/Sistem.php(77): CodeIgniter\Debug\Exceptions->errorHandler(2, 'Undefined array key "turbootp_apikey"', '/storage/emulated/0/ksweb/tools/phpMyAdmin/jasaotp/app/Controllers/Turbootp/Sistem.php', 77)
 2 SYSTEMPATH/CodeIgniter.php(942): App\Controllers\Turbootp\Sistem->updateWaitingOrders()
 3 SYSTEMPATH/CodeIgniter.php(502): CodeIgniter\CodeIgniter->runController(Object(App\Controllers\Turbootp\Sistem))
 4 SYSTEMPATH/CodeIgniter.php(361): CodeIgniter\CodeIgniter->handleRequest(null, Object(Config\Cache), false)
 5 FCPATH/index.php(79): CodeIgniter\CodeIgniter->run()
CRITICAL - 2024-04-17 20:08:20 --> Undefined array key "turbootp_apikey"
in APPPATH/Controllers/Turbootp/Sistem.php on line 77.
 1 APPPATH/Controllers/Turbootp/Sistem.php(77): CodeIgniter\Debug\Exceptions->errorHandler(2, 'Undefined array key "turbootp_apikey"', '/storage/emulated/0/ksweb/tools/phpMyAdmin/jasaotp/app/Controllers/Turbootp/Sistem.php', 77)
 2 SYSTEMPATH/CodeIgniter.php(942): App\Controllers\Turbootp\Sistem->updateWaitingOrders()
 3 SYSTEMPATH/CodeIgniter.php(502): CodeIgniter\CodeIgniter->runController(Object(App\Controllers\Turbootp\Sistem))
 4 SYSTEMPATH/CodeIgniter.php(361): CodeIgniter\CodeIgniter->handleRequest(null, Object(Config\Cache), false)
 5 FCPATH/index.php(79): CodeIgniter\CodeIgniter->run()
CRITICAL - 2024-04-17 20:08:25 --> Undefined array key "turbootp_apikey"
in APPPATH/Controllers/Turbootp/Sistem.php on line 77.
 1 APPPATH/Controllers/Turbootp/Sistem.php(77): CodeIgniter\Debug\Exceptions->errorHandler(2, 'Undefined array key "turbootp_apikey"', '/storage/emulated/0/ksweb/tools/phpMyAdmin/jasaotp/app/Controllers/Turbootp/Sistem.php', 77)
 2 SYSTEMPATH/CodeIgniter.php(942): App\Controllers\Turbootp\Sistem->updateWaitingOrders()
 3 SYSTEMPATH/CodeIgniter.php(502): CodeIgniter\CodeIgniter->runController(Object(App\Controllers\Turbootp\Sistem))
 4 SYSTEMPATH/CodeIgniter.php(361): CodeIgniter\CodeIgniter->handleRequest(null, Object(Config\Cache), false)
 5 FCPATH/index.php(79): CodeIgniter\CodeIgniter->run()
CRITICAL - 2024-04-17 20:08:30 --> Undefined array key "turbootp_apikey"
in APPPATH/Controllers/Turbootp/Sistem.php on line 77.
 1 APPPATH/Controllers/Turbootp/Sistem.php(77): CodeIgniter\Debug\Exceptions->errorHandler(2, 'Undefined array key "turbootp_apikey"', '/storage/emulated/0/ksweb/tools/phpMyAdmin/jasaotp/app/Controllers/Turbootp/Sistem.php', 77)
 2 SYSTEMPATH/CodeIgniter.php(942): App\Controllers\Turbootp\Sistem->updateWaitingOrders()
 3 SYSTEMPATH/CodeIgniter.php(502): CodeIgniter\CodeIgniter->runController(Object(App\Controllers\Turbootp\Sistem))
 4 SYSTEMPATH/CodeIgniter.php(361): CodeIgniter\CodeIgniter->handleRequest(null, Object(Config\Cache), false)
 5 FCPATH/index.php(79): CodeIgniter\CodeIgniter->run()
CRITICAL - 2024-04-17 20:08:35 --> Undefined array key "turbootp_apikey"
in APPPATH/Controllers/Turbootp/Sistem.php on line 77.
 1 APPPATH/Controllers/Turbootp/Sistem.php(77): CodeIgniter\Debug\Exceptions->errorHandler(2, 'Undefined array key "turbootp_apikey"', '/storage/emulated/0/ksweb/tools/phpMyAdmin/jasaotp/app/Controllers/Turbootp/Sistem.php', 77)
 2 SYSTEMPATH/CodeIgniter.php(942): App\Controllers\Turbootp\Sistem->updateWaitingOrders()
 3 SYSTEMPATH/CodeIgniter.php(502): CodeIgniter\CodeIgniter->runController(Object(App\Controllers\Turbootp\Sistem))
 4 SYSTEMPATH/CodeIgniter.php(361): CodeIgniter\CodeIgniter->handleRequest(null, Object(Config\Cache), false)
 5 FCPATH/index.php(79): CodeIgniter\CodeIgniter->run()
CRITICAL - 2024-04-17 20:08:40 --> Undefined array key "turbootp_apikey"
in APPPATH/Controllers/Turbootp/Sistem.php on line 77.
 1 APPPATH/Controllers/Turbootp/Sistem.php(77): CodeIgniter\Debug\Exceptions->errorHandler(2, 'Undefined array key "turbootp_apikey"', '/storage/emulated/0/ksweb/tools/phpMyAdmin/jasaotp/app/Controllers/Turbootp/Sistem.php', 77)
 2 SYSTEMPATH/CodeIgniter.php(942): App\Controllers\Turbootp\Sistem->updateWaitingOrders()
 3 SYSTEMPATH/CodeIgniter.php(502): CodeIgniter\CodeIgniter->runController(Object(App\Controllers\Turbootp\Sistem))
 4 SYSTEMPATH/CodeIgniter.php(361): CodeIgniter\CodeIgniter->handleRequest(null, Object(Config\Cache), false)
 5 FCPATH/index.php(79): CodeIgniter\CodeIgniter->run()
CRITICAL - 2024-04-17 20:08:59 --> Undefined array key "turbootp_apikey"
in APPPATH/Controllers/Turbootp/Sistem.php on line 77.
 1 APPPATH/Controllers/Turbootp/Sistem.php(77): CodeIgniter\Debug\Exceptions->errorHandler(2, 'Undefined array key "turbootp_apikey"', '/storage/emulated/0/ksweb/tools/phpMyAdmin/jasaotp/app/Controllers/Turbootp/Sistem.php', 77)
 2 SYSTEMPATH/CodeIgniter.php(942): App\Controllers\Turbootp\Sistem->updateWaitingOrders()
 3 SYSTEMPATH/CodeIgniter.php(502): CodeIgniter\CodeIgniter->runController(Object(App\Controllers\Turbootp\Sistem))
 4 SYSTEMPATH/CodeIgniter.php(361): CodeIgniter\CodeIgniter->handleRequest(null, Object(Config\Cache), false)
 5 FCPATH/index.php(79): CodeIgniter\CodeIgniter->run()
CRITICAL - 2024-04-17 20:09:45 --> Undefined array key "turbootp_apikey"
in APPPATH/Controllers/Turbootp/Sistem.php on line 77.
 1 APPPATH/Controllers/Turbootp/Sistem.php(77): CodeIgniter\Debug\Exceptions->errorHandler(2, 'Undefined array key "turbootp_apikey"', '/storage/emulated/0/ksweb/tools/phpMyAdmin/jasaotp/app/Controllers/Turbootp/Sistem.php', 77)
 2 SYSTEMPATH/CodeIgniter.php(942): App\Controllers\Turbootp\Sistem->updateWaitingOrders()
 3 SYSTEMPATH/CodeIgniter.php(502): CodeIgniter\CodeIgniter->runController(Object(App\Controllers\Turbootp\Sistem))
 4 SYSTEMPATH/CodeIgniter.php(361): CodeIgniter\CodeIgniter->handleRequest(null, Object(Config\Cache), false)
 5 FCPATH/index.php(79): CodeIgniter\CodeIgniter->run()
CRITICAL - 2024-04-17 20:09:47 --> Undefined variable $ordersOtpWeb
in APPPATH/Views/user/turbootp/history.php on line 58.
 1 APPPATH/Views/user/turbootp/history.php(58): CodeIgniter\Debug\Exceptions->errorHandler(2, 'Undefined variable $ordersOtpWeb', '/storage/emulated/0/ksweb/tools/phpMyAdmin/jasaotp/app/Views/user/turbootp/history.php', 58)
 2 SYSTEMPATH/View/View.php(228): include('/storage/emulated/0/ksweb/tools/phpMyAdmin/jasaotp/app/Views/user/turbootp/history.php')
 3 SYSTEMPATH/View/View.php(231): CodeIgniter\View\View->CodeIgniter\View\{closure}()
 4 SYSTEMPATH/Common.php(1190): CodeIgniter\View\View->render('user/turbootp/history', [], true)
 5 APPPATH/Controllers/Turbootp/History.php(51): view('user/turbootp/history', [...])
 6 SYSTEMPATH/CodeIgniter.php(942): App\Controllers\Turbootp\History->index()
 7 SYSTEMPATH/CodeIgniter.php(502): CodeIgniter\CodeIgniter->runController(Object(App\Controllers\Turbootp\History))
 8 SYSTEMPATH/CodeIgniter.php(361): CodeIgniter\CodeIgniter->handleRequest(null, Object(Config\Cache), false)
 9 FCPATH/index.php(79): CodeIgniter\CodeIgniter->run()
CRITICAL - 2024-04-17 20:11:02 --> Undefined array key "turbootp_apikey"
in APPPATH/Controllers/Turbootp/Sistem.php on line 77.
 1 APPPATH/Controllers/Turbootp/Sistem.php(77): CodeIgniter\Debug\Exceptions->errorHandler(2, 'Undefined array key "turbootp_apikey"', '/storage/emulated/0/ksweb/tools/phpMyAdmin/jasaotp/app/Controllers/Turbootp/Sistem.php', 77)
 2 SYSTEMPATH/CodeIgniter.php(942): App\Controllers\Turbootp\Sistem->updateWaitingOrders()
 3 SYSTEMPATH/CodeIgniter.php(502): CodeIgniter\CodeIgniter->runController(Object(App\Controllers\Turbootp\Sistem))
 4 SYSTEMPATH/CodeIgniter.php(361): CodeIgniter\CodeIgniter->handleRequest(null, Object(Config\Cache), false)
 5 FCPATH/index.php(79): CodeIgniter\CodeIgniter->run()
CRITICAL - 2024-04-17 20:11:07 --> Undefined array key "turbootp_apikey"
in APPPATH/Controllers/Turbootp/Sistem.php on line 77.
 1 APPPATH/Controllers/Turbootp/Sistem.php(77): CodeIgniter\Debug\Exceptions->errorHandler(2, 'Undefined array key "turbootp_apikey"', '/storage/emulated/0/ksweb/tools/phpMyAdmin/jasaotp/app/Controllers/Turbootp/Sistem.php', 77)
 2 SYSTEMPATH/CodeIgniter.php(942): App\Controllers\Turbootp\Sistem->updateWaitingOrders()
 3 SYSTEMPATH/CodeIgniter.php(502): CodeIgniter\CodeIgniter->runController(Object(App\Controllers\Turbootp\Sistem))
 4 SYSTEMPATH/CodeIgniter.php(361): CodeIgniter\CodeIgniter->handleRequest(null, Object(Config\Cache), false)
 5 FCPATH/index.php(79): CodeIgniter\CodeIgniter->run()
CRITICAL - 2024-04-17 20:11:12 --> Undefined array key "turbootp_apikey"
in APPPATH/Controllers/Turbootp/Sistem.php on line 77.
 1 APPPATH/Controllers/Turbootp/Sistem.php(77): CodeIgniter\Debug\Exceptions->errorHandler(2, 'Undefined array key "turbootp_apikey"', '/storage/emulated/0/ksweb/tools/phpMyAdmin/jasaotp/app/Controllers/Turbootp/Sistem.php', 77)
 2 SYSTEMPATH/CodeIgniter.php(942): App\Controllers\Turbootp\Sistem->updateWaitingOrders()
 3 SYSTEMPATH/CodeIgniter.php(502): CodeIgniter\CodeIgniter->runController(Object(App\Controllers\Turbootp\Sistem))
 4 SYSTEMPATH/CodeIgniter.php(361): CodeIgniter\CodeIgniter->handleRequest(null, Object(Config\Cache), false)
 5 FCPATH/index.php(79): CodeIgniter\CodeIgniter->run()
CRITICAL - 2024-04-17 20:11:17 --> Undefined array key "turbootp_apikey"
in APPPATH/Controllers/Turbootp/Sistem.php on line 77.
 1 APPPATH/Controllers/Turbootp/Sistem.php(77): CodeIgniter\Debug\Exceptions->errorHandler(2, 'Undefined array key "turbootp_apikey"', '/storage/emulated/0/ksweb/tools/phpMyAdmin/jasaotp/app/Controllers/Turbootp/Sistem.php', 77)
 2 SYSTEMPATH/CodeIgniter.php(942): App\Controllers\Turbootp\Sistem->updateWaitingOrders()
 3 SYSTEMPATH/CodeIgniter.php(502): CodeIgniter\CodeIgniter->runController(Object(App\Controllers\Turbootp\Sistem))
 4 SYSTEMPATH/CodeIgniter.php(361): CodeIgniter\CodeIgniter->handleRequest(null, Object(Config\Cache), false)
 5 FCPATH/index.php(79): CodeIgniter\CodeIgniter->run()
CRITICAL - 2024-04-17 20:11:22 --> Undefined array key "turbootp_apikey"
in APPPATH/Controllers/Turbootp/Sistem.php on line 77.
 1 APPPATH/Controllers/Turbootp/Sistem.php(77): CodeIgniter\Debug\Exceptions->errorHandler(2, 'Undefined array key "turbootp_apikey"', '/storage/emulated/0/ksweb/tools/phpMyAdmin/jasaotp/app/Controllers/Turbootp/Sistem.php', 77)
 2 SYSTEMPATH/CodeIgniter.php(942): App\Controllers\Turbootp\Sistem->updateWaitingOrders()
 3 SYSTEMPATH/CodeIgniter.php(502): CodeIgniter\CodeIgniter->runController(Object(App\Controllers\Turbootp\Sistem))
 4 SYSTEMPATH/CodeIgniter.php(361): CodeIgniter\CodeIgniter->handleRequest(null, Object(Config\Cache), false)
 5 FCPATH/index.php(79): CodeIgniter\CodeIgniter->run()
CRITICAL - 2024-04-17 20:11:27 --> Undefined array key "turbootp_apikey"
in APPPATH/Controllers/Turbootp/Sistem.php on line 77.
 1 APPPATH/Controllers/Turbootp/Sistem.php(77): CodeIgniter\Debug\Exceptions->errorHandler(2, 'Undefined array key "turbootp_apikey"', '/storage/emulated/0/ksweb/tools/phpMyAdmin/jasaotp/app/Controllers/Turbootp/Sistem.php', 77)
 2 SYSTEMPATH/CodeIgniter.php(942): App\Controllers\Turbootp\Sistem->updateWaitingOrders()
 3 SYSTEMPATH/CodeIgniter.php(502): CodeIgniter\CodeIgniter->runController(Object(App\Controllers\Turbootp\Sistem))
 4 SYSTEMPATH/CodeIgniter.php(361): CodeIgniter\CodeIgniter->handleRequest(null, Object(Config\Cache), false)
 5 FCPATH/index.php(79): CodeIgniter\CodeIgniter->run()
CRITICAL - 2024-04-17 20:11:32 --> Undefined array key "turbootp_apikey"
in APPPATH/Controllers/Turbootp/Sistem.php on line 77.
 1 APPPATH/Controllers/Turbootp/Sistem.php(77): CodeIgniter\Debug\Exceptions->errorHandler(2, 'Undefined array key "turbootp_apikey"', '/storage/emulated/0/ksweb/tools/phpMyAdmin/jasaotp/app/Controllers/Turbootp/Sistem.php', 77)
 2 SYSTEMPATH/CodeIgniter.php(942): App\Controllers\Turbootp\Sistem->updateWaitingOrders()
 3 SYSTEMPATH/CodeIgniter.php(502): CodeIgniter\CodeIgniter->runController(Object(App\Controllers\Turbootp\Sistem))
 4 SYSTEMPATH/CodeIgniter.php(361): CodeIgniter\CodeIgniter->handleRequest(null, Object(Config\Cache), false)
 5 FCPATH/index.php(79): CodeIgniter\CodeIgniter->run()
CRITICAL - 2024-04-17 20:11:37 --> Undefined array key "turbootp_apikey"
in APPPATH/Controllers/Turbootp/Sistem.php on line 77.
 1 APPPATH/Controllers/Turbootp/Sistem.php(77): CodeIgniter\Debug\Exceptions->errorHandler(2, 'Undefined array key "turbootp_apikey"', '/storage/emulated/0/ksweb/tools/phpMyAdmin/jasaotp/app/Controllers/Turbootp/Sistem.php', 77)
 2 SYSTEMPATH/CodeIgniter.php(942): App\Controllers\Turbootp\Sistem->updateWaitingOrders()
 3 SYSTEMPATH/CodeIgniter.php(502): CodeIgniter\CodeIgniter->runController(Object(App\Controllers\Turbootp\Sistem))
 4 SYSTEMPATH/CodeIgniter.php(361): CodeIgniter\CodeIgniter->handleRequest(null, Object(Config\Cache), false)
 5 FCPATH/index.php(79): CodeIgniter\CodeIgniter->run()
CRITICAL - 2024-04-17 20:11:42 --> Undefined array key "turbootp_apikey"
in APPPATH/Controllers/Turbootp/Sistem.php on line 77.
 1 APPPATH/Controllers/Turbootp/Sistem.php(77): CodeIgniter\Debug\Exceptions->errorHandler(2, 'Undefined array key "turbootp_apikey"', '/storage/emulated/0/ksweb/tools/phpMyAdmin/jasaotp/app/Controllers/Turbootp/Sistem.php', 77)
 2 SYSTEMPATH/CodeIgniter.php(942): App\Controllers\Turbootp\Sistem->updateWaitingOrders()
 3 SYSTEMPATH/CodeIgniter.php(502): CodeIgniter\CodeIgniter->runController(Object(App\Controllers\Turbootp\Sistem))
 4 SYSTEMPATH/CodeIgniter.php(361): CodeIgniter\CodeIgniter->handleRequest(null, Object(Config\Cache), false)
 5 FCPATH/index.php(79): CodeIgniter\CodeIgniter->run()
CRITICAL - 2024-04-17 20:11:47 --> Undefined array key "turbootp_apikey"
in APPPATH/Controllers/Turbootp/Sistem.php on line 77.
 1 APPPATH/Controllers/Turbootp/Sistem.php(77): CodeIgniter\Debug\Exceptions->errorHandler(2, 'Undefined array key "turbootp_apikey"', '/storage/emulated/0/ksweb/tools/phpMyAdmin/jasaotp/app/Controllers/Turbootp/Sistem.php', 77)
 2 SYSTEMPATH/CodeIgniter.php(942): App\Controllers\Turbootp\Sistem->updateWaitingOrders()
 3 SYSTEMPATH/CodeIgniter.php(502): CodeIgniter\CodeIgniter->runController(Object(App\Controllers\Turbootp\Sistem))
 4 SYSTEMPATH/CodeIgniter.php(361): CodeIgniter\CodeIgniter->handleRequest(null, Object(Config\Cache), false)
 5 FCPATH/index.php(79): CodeIgniter\CodeIgniter->run()
CRITICAL - 2024-04-17 20:11:52 --> Undefined array key "turbootp_apikey"
in APPPATH/Controllers/Turbootp/Sistem.php on line 77.
 1 APPPATH/Controllers/Turbootp/Sistem.php(77): CodeIgniter\Debug\Exceptions->errorHandler(2, 'Undefined array key "turbootp_apikey"', '/storage/emulated/0/ksweb/tools/phpMyAdmin/jasaotp/app/Controllers/Turbootp/Sistem.php', 77)
 2 SYSTEMPATH/CodeIgniter.php(942): App\Controllers\Turbootp\Sistem->updateWaitingOrders()
 3 SYSTEMPATH/CodeIgniter.php(502): CodeIgniter\CodeIgniter->runController(Object(App\Controllers\Turbootp\Sistem))
 4 SYSTEMPATH/CodeIgniter.php(361): CodeIgniter\CodeIgniter->handleRequest(null, Object(Config\Cache), false)
 5 FCPATH/index.php(79): CodeIgniter\CodeIgniter->run()
CRITICAL - 2024-04-17 20:11:57 --> Undefined array key "turbootp_apikey"
in APPPATH/Controllers/Turbootp/Sistem.php on line 77.
 1 APPPATH/Controllers/Turbootp/Sistem.php(77): CodeIgniter\Debug\Exceptions->errorHandler(2, 'Undefined array key "turbootp_apikey"', '/storage/emulated/0/ksweb/tools/phpMyAdmin/jasaotp/app/Controllers/Turbootp/Sistem.php', 77)
 2 SYSTEMPATH/CodeIgniter.php(942): App\Controllers\Turbootp\Sistem->updateWaitingOrders()
 3 SYSTEMPATH/CodeIgniter.php(502): CodeIgniter\CodeIgniter->runController(Object(App\Controllers\Turbootp\Sistem))
 4 SYSTEMPATH/CodeIgniter.php(361): CodeIgniter\CodeIgniter->handleRequest(null, Object(Config\Cache), false)
 5 FCPATH/index.php(79): CodeIgniter\CodeIgniter->run()
CRITICAL - 2024-04-17 20:12:58 --> Undefined array key "turbootp_apikey"
in APPPATH/Controllers/Turbootp/Sistem.php on line 77.
 1 APPPATH/Controllers/Turbootp/Sistem.php(77): CodeIgniter\Debug\Exceptions->errorHandler(2, 'Undefined array key "turbootp_apikey"', '/storage/emulated/0/ksweb/tools/phpMyAdmin/jasaotp/app/Controllers/Turbootp/Sistem.php', 77)
 2 SYSTEMPATH/CodeIgniter.php(942): App\Controllers\Turbootp\Sistem->updateWaitingOrders()
 3 SYSTEMPATH/CodeIgniter.php(502): CodeIgniter\CodeIgniter->runController(Object(App\Controllers\Turbootp\Sistem))
 4 SYSTEMPATH/CodeIgniter.php(361): CodeIgniter\CodeIgniter->handleRequest(null, Object(Config\Cache), false)
 5 FCPATH/index.php(79): CodeIgniter\CodeIgniter->run()
CRITICAL - 2024-04-17 20:13:22 --> Undefined array key "turbootp_apikey"
in APPPATH/Controllers/Turbootp/Sistem.php on line 77.
 1 APPPATH/Controllers/Turbootp/Sistem.php(77): CodeIgniter\Debug\Exceptions->errorHandler(2, 'Undefined array key "turbootp_apikey"', '/storage/emulated/0/ksweb/tools/phpMyAdmin/jasaotp/app/Controllers/Turbootp/Sistem.php', 77)
 2 SYSTEMPATH/CodeIgniter.php(942): App\Controllers\Turbootp\Sistem->updateWaitingOrders()
 3 SYSTEMPATH/CodeIgniter.php(502): CodeIgniter\CodeIgniter->runController(Object(App\Controllers\Turbootp\Sistem))
 4 SYSTEMPATH/CodeIgniter.php(361): CodeIgniter\CodeIgniter->handleRequest(null, Object(Config\Cache), false)
 5 FCPATH/index.php(79): CodeIgniter\CodeIgniter->run()
CRITICAL - 2024-04-17 20:17:22 --> Undefined array key "turbootp_apikey"
in APPPATH/Controllers/Turbootp/Sistem.php on line 77.
 1 APPPATH/Controllers/Turbootp/Sistem.php(77): CodeIgniter\Debug\Exceptions->errorHandler(2, 'Undefined array key "turbootp_apikey"', '/storage/emulated/0/ksweb/tools/phpMyAdmin/jasaotp/app/Controllers/Turbootp/Sistem.php', 77)
 2 SYSTEMPATH/CodeIgniter.php(942): App\Controllers\Turbootp\Sistem->updateWaitingOrders()
 3 SYSTEMPATH/CodeIgniter.php(502): CodeIgniter\CodeIgniter->runController(Object(App\Controllers\Turbootp\Sistem))
 4 SYSTEMPATH/CodeIgniter.php(361): CodeIgniter\CodeIgniter->handleRequest(null, Object(Config\Cache), false)
 5 FCPATH/index.php(79): CodeIgniter\CodeIgniter->run()
CRITICAL - 2024-04-17 20:17:28 --> Undefined array key "turbootp_apikey"
in APPPATH/Controllers/Turbootp/Sistem.php on line 77.
 1 APPPATH/Controllers/Turbootp/Sistem.php(77): CodeIgniter\Debug\Exceptions->errorHandler(2, 'Undefined array key "turbootp_apikey"', '/storage/emulated/0/ksweb/tools/phpMyAdmin/jasaotp/app/Controllers/Turbootp/Sistem.php', 77)
 2 SYSTEMPATH/CodeIgniter.php(942): App\Controllers\Turbootp\Sistem->updateWaitingOrders()
 3 SYSTEMPATH/CodeIgniter.php(502): CodeIgniter\CodeIgniter->runController(Object(App\Controllers\Turbootp\Sistem))
 4 SYSTEMPATH/CodeIgniter.php(361): CodeIgniter\CodeIgniter->handleRequest(null, Object(Config\Cache), false)
 5 FCPATH/index.php(79): CodeIgniter\CodeIgniter->run()
CRITICAL - 2024-04-17 20:17:34 --> Undefined array key "turbootp_apikey"
in APPPATH/Controllers/Turbootp/Sistem.php on line 77.
 1 APPPATH/Controllers/Turbootp/Sistem.php(77): CodeIgniter\Debug\Exceptions->errorHandler(2, 'Undefined array key "turbootp_apikey"', '/storage/emulated/0/ksweb/tools/phpMyAdmin/jasaotp/app/Controllers/Turbootp/Sistem.php', 77)
 2 SYSTEMPATH/CodeIgniter.php(942): App\Controllers\Turbootp\Sistem->updateWaitingOrders()
 3 SYSTEMPATH/CodeIgniter.php(502): CodeIgniter\CodeIgniter->runController(Object(App\Controllers\Turbootp\Sistem))
 4 SYSTEMPATH/CodeIgniter.php(361): CodeIgniter\CodeIgniter->handleRequest(null, Object(Config\Cache), false)
 5 FCPATH/index.php(79): CodeIgniter\CodeIgniter->run()
CRITICAL - 2024-04-17 20:17:40 --> Undefined array key "turbootp_apikey"
in APPPATH/Controllers/Turbootp/Sistem.php on line 77.
 1 APPPATH/Controllers/Turbootp/Sistem.php(77): CodeIgniter\Debug\Exceptions->errorHandler(2, 'Undefined array key "turbootp_apikey"', '/storage/emulated/0/ksweb/tools/phpMyAdmin/jasaotp/app/Controllers/Turbootp/Sistem.php', 77)
 2 SYSTEMPATH/CodeIgniter.php(942): App\Controllers\Turbootp\Sistem->updateWaitingOrders()
 3 SYSTEMPATH/CodeIgniter.php(502): CodeIgniter\CodeIgniter->runController(Object(App\Controllers\Turbootp\Sistem))
 4 SYSTEMPATH/CodeIgniter.php(361): CodeIgniter\CodeIgniter->handleRequest(null, Object(Config\Cache), false)
 5 FCPATH/index.php(79): CodeIgniter\CodeIgniter->run()
CRITICAL - 2024-04-17 20:17:46 --> Undefined array key "turbootp_apikey"
in APPPATH/Controllers/Turbootp/Sistem.php on line 77.
 1 APPPATH/Controllers/Turbootp/Sistem.php(77): CodeIgniter\Debug\Exceptions->errorHandler(2, 'Undefined array key "turbootp_apikey"', '/storage/emulated/0/ksweb/tools/phpMyAdmin/jasaotp/app/Controllers/Turbootp/Sistem.php', 77)
 2 SYSTEMPATH/CodeIgniter.php(942): App\Controllers\Turbootp\Sistem->updateWaitingOrders()
 3 SYSTEMPATH/CodeIgniter.php(502): CodeIgniter\CodeIgniter->runController(Object(App\Controllers\Turbootp\Sistem))
 4 SYSTEMPATH/CodeIgniter.php(361): CodeIgniter\CodeIgniter->handleRequest(null, Object(Config\Cache), false)
 5 FCPATH/index.php(79): CodeIgniter\CodeIgniter->run()
CRITICAL - 2024-04-17 20:17:52 --> Undefined array key "turbootp_apikey"
in APPPATH/Controllers/Turbootp/Sistem.php on line 77.
 1 APPPATH/Controllers/Turbootp/Sistem.php(77): CodeIgniter\Debug\Exceptions->errorHandler(2, 'Undefined array key "turbootp_apikey"', '/storage/emulated/0/ksweb/tools/phpMyAdmin/jasaotp/app/Controllers/Turbootp/Sistem.php', 77)
 2 SYSTEMPATH/CodeIgniter.php(942): App\Controllers\Turbootp\Sistem->updateWaitingOrders()
 3 SYSTEMPATH/CodeIgniter.php(502): CodeIgniter\CodeIgniter->runController(Object(App\Controllers\Turbootp\Sistem))
 4 SYSTEMPATH/CodeIgniter.php(361): CodeIgniter\CodeIgniter->handleRequest(null, Object(Config\Cache), false)
 5 FCPATH/index.php(79): CodeIgniter\CodeIgniter->run()
CRITICAL - 2024-04-17 20:17:58 --> Undefined array key "turbootp_apikey"
in APPPATH/Controllers/Turbootp/Sistem.php on line 77.
 1 APPPATH/Controllers/Turbootp/Sistem.php(77): CodeIgniter\Debug\Exceptions->errorHandler(2, 'Undefined array key "turbootp_apikey"', '/storage/emulated/0/ksweb/tools/phpMyAdmin/jasaotp/app/Controllers/Turbootp/Sistem.php', 77)
 2 SYSTEMPATH/CodeIgniter.php(942): App\Controllers\Turbootp\Sistem->updateWaitingOrders()
 3 SYSTEMPATH/CodeIgniter.php(502): CodeIgniter\CodeIgniter->runController(Object(App\Controllers\Turbootp\Sistem))
 4 SYSTEMPATH/CodeIgniter.php(361): CodeIgniter\CodeIgniter->handleRequest(null, Object(Config\Cache), false)
 5 FCPATH/index.php(79): CodeIgniter\CodeIgniter->run()
CRITICAL - 2024-04-17 20:18:04 --> Undefined array key "turbootp_apikey"
in APPPATH/Controllers/Turbootp/Sistem.php on line 77.
 1 APPPATH/Controllers/Turbootp/Sistem.php(77): CodeIgniter\Debug\Exceptions->errorHandler(2, 'Undefined array key "turbootp_apikey"', '/storage/emulated/0/ksweb/tools/phpMyAdmin/jasaotp/app/Controllers/Turbootp/Sistem.php', 77)
 2 SYSTEMPATH/CodeIgniter.php(942): App\Controllers\Turbootp\Sistem->updateWaitingOrders()
 3 SYSTEMPATH/CodeIgniter.php(502): CodeIgniter\CodeIgniter->runController(Object(App\Controllers\Turbootp\Sistem))
 4 SYSTEMPATH/CodeIgniter.php(361): CodeIgniter\CodeIgniter->handleRequest(null, Object(Config\Cache), false)
 5 FCPATH/index.php(79): CodeIgniter\CodeIgniter->run()
CRITICAL - 2024-04-17 20:18:04 --> Undefined array key "turbootp_apikey"
in APPPATH/Controllers/Turbootp/Sistem.php on line 77.
 1 APPPATH/Controllers/Turbootp/Sistem.php(77): CodeIgniter\Debug\Exceptions->errorHandler(2, 'Undefined array key "turbootp_apikey"', '/storage/emulated/0/ksweb/tools/phpMyAdmin/jasaotp/app/Controllers/Turbootp/Sistem.php', 77)
 2 SYSTEMPATH/CodeIgniter.php(942): App\Controllers\Turbootp\Sistem->updateWaitingOrders()
 3 SYSTEMPATH/CodeIgniter.php(502): CodeIgniter\CodeIgniter->runController(Object(App\Controllers\Turbootp\Sistem))
 4 SYSTEMPATH/CodeIgniter.php(361): CodeIgniter\CodeIgniter->handleRequest(null, Object(Config\Cache), false)
 5 FCPATH/index.php(79): CodeIgniter\CodeIgniter->run()
CRITICAL - 2024-04-17 20:18:10 --> Undefined array key "turbootp_apikey"
in APPPATH/Controllers/Turbootp/Sistem.php on line 77.
 1 APPPATH/Controllers/Turbootp/Sistem.php(77): CodeIgniter\Debug\Exceptions->errorHandler(2, 'Undefined array key "turbootp_apikey"', '/storage/emulated/0/ksweb/tools/phpMyAdmin/jasaotp/app/Controllers/Turbootp/Sistem.php', 77)
 2 SYSTEMPATH/CodeIgniter.php(942): App\Controllers\Turbootp\Sistem->updateWaitingOrders()
 3 SYSTEMPATH/CodeIgniter.php(502): CodeIgniter\CodeIgniter->runController(Object(App\Controllers\Turbootp\Sistem))
 4 SYSTEMPATH/CodeIgniter.php(361): CodeIgniter\CodeIgniter->handleRequest(null, Object(Config\Cache), false)
 5 FCPATH/index.php(79): CodeIgniter\CodeIgniter->run()
CRITICAL - 2024-04-17 20:18:10 --> Undefined array key "turbootp_apikey"
in APPPATH/Controllers/Turbootp/Sistem.php on line 77.
 1 APPPATH/Controllers/Turbootp/Sistem.php(77): CodeIgniter\Debug\Exceptions->errorHandler(2, 'Undefined array key "turbootp_apikey"', '/storage/emulated/0/ksweb/tools/phpMyAdmin/jasaotp/app/Controllers/Turbootp/Sistem.php', 77)
 2 SYSTEMPATH/CodeIgniter.php(942): App\Controllers\Turbootp\Sistem->updateWaitingOrders()
 3 SYSTEMPATH/CodeIgniter.php(502): CodeIgniter\CodeIgniter->runController(Object(App\Controllers\Turbootp\Sistem))
 4 SYSTEMPATH/CodeIgniter.php(361): CodeIgniter\CodeIgniter->handleRequest(null, Object(Config\Cache), false)
 5 FCPATH/index.php(79): CodeIgniter\CodeIgniter->run()
CRITICAL - 2024-04-17 20:18:16 --> Undefined array key "turbootp_apikey"
in APPPATH/Controllers/Turbootp/Sistem.php on line 77.
 1 APPPATH/Controllers/Turbootp/Sistem.php(77): CodeIgniter\Debug\Exceptions->errorHandler(2, 'Undefined array key "turbootp_apikey"', '/storage/emulated/0/ksweb/tools/phpMyAdmin/jasaotp/app/Controllers/Turbootp/Sistem.php', 77)
 2 SYSTEMPATH/CodeIgniter.php(942): App\Controllers\Turbootp\Sistem->updateWaitingOrders()
 3 SYSTEMPATH/CodeIgniter.php(502): CodeIgniter\CodeIgniter->runController(Object(App\Controllers\Turbootp\Sistem))
 4 SYSTEMPATH/CodeIgniter.php(361): CodeIgniter\CodeIgniter->handleRequest(null, Object(Config\Cache), false)
 5 FCPATH/index.php(79): CodeIgniter\CodeIgniter->run()
CRITICAL - 2024-04-17 20:18:16 --> Undefined array key "turbootp_apikey"
in APPPATH/Controllers/Turbootp/Sistem.php on line 77.
 1 APPPATH/Controllers/Turbootp/Sistem.php(77): CodeIgniter\Debug\Exceptions->errorHandler(2, 'Undefined array key "turbootp_apikey"', '/storage/emulated/0/ksweb/tools/phpMyAdmin/jasaotp/app/Controllers/Turbootp/Sistem.php', 77)
 2 SYSTEMPATH/CodeIgniter.php(942): App\Controllers\Turbootp\Sistem->updateWaitingOrders()
 3 SYSTEMPATH/CodeIgniter.php(502): CodeIgniter\CodeIgniter->runController(Object(App\Controllers\Turbootp\Sistem))
 4 SYSTEMPATH/CodeIgniter.php(361): CodeIgniter\CodeIgniter->handleRequest(null, Object(Config\Cache), false)
 5 FCPATH/index.php(79): CodeIgniter\CodeIgniter->run()
CRITICAL - 2024-04-17 20:18:23 --> Undefined array key "turbootp_apikey"
in APPPATH/Controllers/Turbootp/Sistem.php on line 77.
 1 APPPATH/Controllers/Turbootp/Sistem.php(77): CodeIgniter\Debug\Exceptions->errorHandler(2, 'Undefined array key "turbootp_apikey"', '/storage/emulated/0/ksweb/tools/phpMyAdmin/jasaotp/app/Controllers/Turbootp/Sistem.php', 77)
 2 SYSTEMPATH/CodeIgniter.php(942): App\Controllers\Turbootp\Sistem->updateWaitingOrders()
 3 SYSTEMPATH/CodeIgniter.php(502): CodeIgniter\CodeIgniter->runController(Object(App\Controllers\Turbootp\Sistem))
 4 SYSTEMPATH/CodeIgniter.php(361): CodeIgniter\CodeIgniter->handleRequest(null, Object(Config\Cache), false)
 5 FCPATH/index.php(79): CodeIgniter\CodeIgniter->run()
CRITICAL - 2024-04-17 20:18:59 --> Undefined array key "turbootp_apikey"
in APPPATH/Controllers/Turbootp/Sistem.php on line 77.
 1 APPPATH/Controllers/Turbootp/Sistem.php(77): CodeIgniter\Debug\Exceptions->errorHandler(2, 'Undefined array key "turbootp_apikey"', '/storage/emulated/0/ksweb/tools/phpMyAdmin/jasaotp/app/Controllers/Turbootp/Sistem.php', 77)
 2 SYSTEMPATH/CodeIgniter.php(942): App\Controllers\Turbootp\Sistem->updateWaitingOrders()
 3 SYSTEMPATH/CodeIgniter.php(502): CodeIgniter\CodeIgniter->runController(Object(App\Controllers\Turbootp\Sistem))
 4 SYSTEMPATH/CodeIgniter.php(361): CodeIgniter\CodeIgniter->handleRequest(null, Object(Config\Cache), false)
 5 FCPATH/index.php(79): CodeIgniter\CodeIgniter->run()
CRITICAL - 2024-04-17 20:19:02 --> Undefined array key "turbootp_apikey"
in APPPATH/Controllers/Turbootp/Sistem.php on line 77.
 1 APPPATH/Controllers/Turbootp/Sistem.php(77): CodeIgniter\Debug\Exceptions->errorHandler(2, 'Undefined array key "turbootp_apikey"', '/storage/emulated/0/ksweb/tools/phpMyAdmin/jasaotp/app/Controllers/Turbootp/Sistem.php', 77)
 2 SYSTEMPATH/CodeIgniter.php(942): App\Controllers\Turbootp\Sistem->updateWaitingOrders()
 3 SYSTEMPATH/CodeIgniter.php(502): CodeIgniter\CodeIgniter->runController(Object(App\Controllers\Turbootp\Sistem))
 4 SYSTEMPATH/CodeIgniter.php(361): CodeIgniter\CodeIgniter->handleRequest(null, Object(Config\Cache), false)
 5 FCPATH/index.php(79): CodeIgniter\CodeIgniter->run()
CRITICAL - 2024-04-17 20:19:02 --> Undefined array key "turbootp_apikey"
in APPPATH/Controllers/Turbootp/Sistem.php on line 77.
 1 APPPATH/Controllers/Turbootp/Sistem.php(77): CodeIgniter\Debug\Exceptions->errorHandler(2, 'Undefined array key "turbootp_apikey"', '/storage/emulated/0/ksweb/tools/phpMyAdmin/jasaotp/app/Controllers/Turbootp/Sistem.php', 77)
 2 SYSTEMPATH/CodeIgniter.php(942): App\Controllers\Turbootp\Sistem->updateWaitingOrders()
 3 SYSTEMPATH/CodeIgniter.php(502): CodeIgniter\CodeIgniter->runController(Object(App\Controllers\Turbootp\Sistem))
 4 SYSTEMPATH/CodeIgniter.php(361): CodeIgniter\CodeIgniter->handleRequest(null, Object(Config\Cache), false)
 5 FCPATH/index.php(79): CodeIgniter\CodeIgniter->run()
CRITICAL - 2024-04-17 20:19:02 --> Undefined array key "turbootp_apikey"
in APPPATH/Controllers/Turbootp/Sistem.php on line 77.
 1 APPPATH/Controllers/Turbootp/Sistem.php(77): CodeIgniter\Debug\Exceptions->errorHandler(2, 'Undefined array key "turbootp_apikey"', '/storage/emulated/0/ksweb/tools/phpMyAdmin/jasaotp/app/Controllers/Turbootp/Sistem.php', 77)
 2 SYSTEMPATH/CodeIgniter.php(942): App\Controllers\Turbootp\Sistem->updateWaitingOrders()
 3 SYSTEMPATH/CodeIgniter.php(502): CodeIgniter\CodeIgniter->runController(Object(App\Controllers\Turbootp\Sistem))
 4 SYSTEMPATH/CodeIgniter.php(361): CodeIgniter\CodeIgniter->handleRequest(null, Object(Config\Cache), false)
 5 FCPATH/index.php(79): CodeIgniter\CodeIgniter->run()
CRITICAL - 2024-04-17 20:19:02 --> Undefined array key "turbootp_apikey"
in APPPATH/Controllers/Turbootp/Sistem.php on line 77.
 1 APPPATH/Controllers/Turbootp/Sistem.php(77): CodeIgniter\Debug\Exceptions->errorHandler(2, 'Undefined array key "turbootp_apikey"', '/storage/emulated/0/ksweb/tools/phpMyAdmin/jasaotp/app/Controllers/Turbootp/Sistem.php', 77)
 2 SYSTEMPATH/CodeIgniter.php(942): App\Controllers\Turbootp\Sistem->updateWaitingOrders()
 3 SYSTEMPATH/CodeIgniter.php(502): CodeIgniter\CodeIgniter->runController(Object(App\Controllers\Turbootp\Sistem))
 4 SYSTEMPATH/CodeIgniter.php(361): CodeIgniter\CodeIgniter->handleRequest(null, Object(Config\Cache), false)
 5 FCPATH/index.php(79): CodeIgniter\CodeIgniter->run()
CRITICAL - 2024-04-17 20:19:02 --> Undefined array key "turbootp_apikey"
in APPPATH/Controllers/Turbootp/Sistem.php on line 77.
 1 APPPATH/Controllers/Turbootp/Sistem.php(77): CodeIgniter\Debug\Exceptions->errorHandler(2, 'Undefined array key "turbootp_apikey"', '/storage/emulated/0/ksweb/tools/phpMyAdmin/jasaotp/app/Controllers/Turbootp/Sistem.php', 77)
 2 SYSTEMPATH/CodeIgniter.php(942): App\Controllers\Turbootp\Sistem->updateWaitingOrders()
 3 SYSTEMPATH/CodeIgniter.php(502): CodeIgniter\CodeIgniter->runController(Object(App\Controllers\Turbootp\Sistem))
 4 SYSTEMPATH/CodeIgniter.php(361): CodeIgniter\CodeIgniter->handleRequest(null, Object(Config\Cache), false)
 5 FCPATH/index.php(79): CodeIgniter\CodeIgniter->run()
CRITICAL - 2024-04-17 20:19:03 --> Undefined array key "turbootp_apikey"
in APPPATH/Controllers/Turbootp/Sistem.php on line 77.
 1 APPPATH/Controllers/Turbootp/Sistem.php(77): CodeIgniter\Debug\Exceptions->errorHandler(2, 'Undefined array key "turbootp_apikey"', '/storage/emulated/0/ksweb/tools/phpMyAdmin/jasaotp/app/Controllers/Turbootp/Sistem.php', 77)
 2 SYSTEMPATH/CodeIgniter.php(942): App\Controllers\Turbootp\Sistem->updateWaitingOrders()
 3 SYSTEMPATH/CodeIgniter.php(502): CodeIgniter\CodeIgniter->runController(Object(App\Controllers\Turbootp\Sistem))
 4 SYSTEMPATH/CodeIgniter.php(361): CodeIgniter\CodeIgniter->handleRequest(null, Object(Config\Cache), false)
 5 FCPATH/index.php(79): CodeIgniter\CodeIgniter->run()
CRITICAL - 2024-04-17 20:19:03 --> Undefined array key "turbootp_apikey"
in APPPATH/Controllers/Turbootp/Orders.php on line 112.
 1 APPPATH/Controllers/Turbootp/Orders.php(112): CodeIgniter\Debug\Exceptions->errorHandler(2, 'Undefined array key "turbootp_apikey"', '/storage/emulated/0/ksweb/tools/phpMyAdmin/jasaotp/app/Controllers/Turbootp/Orders.php', 112)
 2 SYSTEMPATH/CodeIgniter.php(942): App\Controllers\Turbootp\Orders->placeOrder()
 3 SYSTEMPATH/CodeIgniter.php(502): CodeIgniter\CodeIgniter->runController(Object(App\Controllers\Turbootp\Orders))
 4 SYSTEMPATH/CodeIgniter.php(361): CodeIgniter\CodeIgniter->handleRequest(null, Object(Config\Cache), false)
 5 FCPATH/index.php(79): CodeIgniter\CodeIgniter->run()
CRITICAL - 2024-04-17 20:19:59 --> Undefined array key "turbootp_apikey"
in APPPATH/Controllers/Turbootp/Sistem.php on line 77.
 1 APPPATH/Controllers/Turbootp/Sistem.php(77): CodeIgniter\Debug\Exceptions->errorHandler(2, 'Undefined array key "turbootp_apikey"', '/storage/emulated/0/ksweb/tools/phpMyAdmin/jasaotp/app/Controllers/Turbootp/Sistem.php', 77)
 2 SYSTEMPATH/CodeIgniter.php(942): App\Controllers\Turbootp\Sistem->updateWaitingOrders()
 3 SYSTEMPATH/CodeIgniter.php(502): CodeIgniter\CodeIgniter->runController(Object(App\Controllers\Turbootp\Sistem))
 4 SYSTEMPATH/CodeIgniter.php(361): CodeIgniter\CodeIgniter->handleRequest(null, Object(Config\Cache), false)
 5 FCPATH/index.php(79): CodeIgniter\CodeIgniter->run()
CRITICAL - 2024-04-17 20:20:23 --> Undefined array key "turbootp_apikey"
in APPPATH/Controllers/Turbootp/Sistem.php on line 77.
 1 APPPATH/Controllers/Turbootp/Sistem.php(77): CodeIgniter\Debug\Exceptions->errorHandler(2, 'Undefined array key "turbootp_apikey"', '/storage/emulated/0/ksweb/tools/phpMyAdmin/jasaotp/app/Controllers/Turbootp/Sistem.php', 77)
 2 SYSTEMPATH/CodeIgniter.php(942): App\Controllers\Turbootp\Sistem->updateWaitingOrders()
 3 SYSTEMPATH/CodeIgniter.php(502): CodeIgniter\CodeIgniter->runController(Object(App\Controllers\Turbootp\Sistem))
 4 SYSTEMPATH/CodeIgniter.php(361): CodeIgniter\CodeIgniter->handleRequest(null, Object(Config\Cache), false)
 5 FCPATH/index.php(79): CodeIgniter\CodeIgniter->run()
CRITICAL - 2024-04-17 20:20:29 --> Undefined array key "turbootp_apikey"
in APPPATH/Controllers/Turbootp/Sistem.php on line 77.
 1 APPPATH/Controllers/Turbootp/Sistem.php(77): CodeIgniter\Debug\Exceptions->errorHandler(2, 'Undefined array key "turbootp_apikey"', '/storage/emulated/0/ksweb/tools/phpMyAdmin/jasaotp/app/Controllers/Turbootp/Sistem.php', 77)
 2 SYSTEMPATH/CodeIgniter.php(942): App\Controllers\Turbootp\Sistem->updateWaitingOrders()
 3 SYSTEMPATH/CodeIgniter.php(502): CodeIgniter\CodeIgniter->runController(Object(App\Controllers\Turbootp\Sistem))
 4 SYSTEMPATH/CodeIgniter.php(361): CodeIgniter\CodeIgniter->handleRequest(null, Object(Config\Cache), false)
 5 FCPATH/index.php(79): CodeIgniter\CodeIgniter->run()
CRITICAL - 2024-04-17 20:20:35 --> Undefined array key "turbootp_apikey"
in APPPATH/Controllers/Turbootp/Sistem.php on line 77.
 1 APPPATH/Controllers/Turbootp/Sistem.php(77): CodeIgniter\Debug\Exceptions->errorHandler(2, 'Undefined array key "turbootp_apikey"', '/storage/emulated/0/ksweb/tools/phpMyAdmin/jasaotp/app/Controllers/Turbootp/Sistem.php', 77)
 2 SYSTEMPATH/CodeIgniter.php(942): App\Controllers\Turbootp\Sistem->updateWaitingOrders()
 3 SYSTEMPATH/CodeIgniter.php(502): CodeIgniter\CodeIgniter->runController(Object(App\Controllers\Turbootp\Sistem))
 4 SYSTEMPATH/CodeIgniter.php(361): CodeIgniter\CodeIgniter->handleRequest(null, Object(Config\Cache), false)
 5 FCPATH/index.php(79): CodeIgniter\CodeIgniter->run()
CRITICAL - 2024-04-17 20:20:59 --> Undefined array key "turbootp_apikey"
in APPPATH/Controllers/Turbootp/Sistem.php on line 77.
 1 APPPATH/Controllers/Turbootp/Sistem.php(77): CodeIgniter\Debug\Exceptions->errorHandler(2, 'Undefined array key "turbootp_apikey"', '/storage/emulated/0/ksweb/tools/phpMyAdmin/jasaotp/app/Controllers/Turbootp/Sistem.php', 77)
 2 SYSTEMPATH/CodeIgniter.php(942): App\Controllers\Turbootp\Sistem->updateWaitingOrders()
 3 SYSTEMPATH/CodeIgniter.php(502): CodeIgniter\CodeIgniter->runController(Object(App\Controllers\Turbootp\Sistem))
 4 SYSTEMPATH/CodeIgniter.php(361): CodeIgniter\CodeIgniter->handleRequest(null, Object(Config\Cache), false)
 5 FCPATH/index.php(79): CodeIgniter\CodeIgniter->run()
CRITICAL - 2024-04-17 20:21:12 --> Undefined array key "turbootp_apikey"
in APPPATH/Controllers/Turbootp/Sistem.php on line 77.
 1 APPPATH/Controllers/Turbootp/Sistem.php(77): CodeIgniter\Debug\Exceptions->errorHandler(2, 'Undefined array key "turbootp_apikey"', '/storage/emulated/0/ksweb/tools/phpMyAdmin/jasaotp/app/Controllers/Turbootp/Sistem.php', 77)
 2 SYSTEMPATH/CodeIgniter.php(942): App\Controllers\Turbootp\Sistem->updateWaitingOrders()
 3 SYSTEMPATH/CodeIgniter.php(502): CodeIgniter\CodeIgniter->runController(Object(App\Controllers\Turbootp\Sistem))
 4 SYSTEMPATH/CodeIgniter.php(361): CodeIgniter\CodeIgniter->handleRequest(null, Object(Config\Cache), false)
 5 FCPATH/index.php(79): CodeIgniter\CodeIgniter->run()
CRITICAL - 2024-04-17 20:21:12 --> Undefined array key "turbootp_apikey"
in APPPATH/Controllers/Turbootp/Sistem.php on line 77.
 1 APPPATH/Controllers/Turbootp/Sistem.php(77): CodeIgniter\Debug\Exceptions->errorHandler(2, 'Undefined array key "turbootp_apikey"', '/storage/emulated/0/ksweb/tools/phpMyAdmin/jasaotp/app/Controllers/Turbootp/Sistem.php', 77)
 2 SYSTEMPATH/CodeIgniter.php(942): App\Controllers\Turbootp\Sistem->updateWaitingOrders()
 3 SYSTEMPATH/CodeIgniter.php(502): CodeIgniter\CodeIgniter->runController(Object(App\Controllers\Turbootp\Sistem))
 4 SYSTEMPATH/CodeIgniter.php(361): CodeIgniter\CodeIgniter->handleRequest(null, Object(Config\Cache), false)
 5 FCPATH/index.php(79): CodeIgniter\CodeIgniter->run()
CRITICAL - 2024-04-17 20:21:12 --> Undefined array key "turbootp_apikey"
in APPPATH/Controllers/Turbootp/Sistem.php on line 77.
 1 APPPATH/Controllers/Turbootp/Sistem.php(77): CodeIgniter\Debug\Exceptions->errorHandler(2, 'Undefined array key "turbootp_apikey"', '/storage/emulated/0/ksweb/tools/phpMyAdmin/jasaotp/app/Controllers/Turbootp/Sistem.php', 77)
 2 SYSTEMPATH/CodeIgniter.php(942): App\Controllers\Turbootp\Sistem->updateWaitingOrders()
 3 SYSTEMPATH/CodeIgniter.php(502): CodeIgniter\CodeIgniter->runController(Object(App\Controllers\Turbootp\Sistem))
 4 SYSTEMPATH/CodeIgniter.php(361): CodeIgniter\CodeIgniter->handleRequest(null, Object(Config\Cache), false)
 5 FCPATH/index.php(79): CodeIgniter\CodeIgniter->run()
CRITICAL - 2024-04-17 20:21:12 --> Undefined array key "turbootp_apikey"
in APPPATH/Controllers/Turbootp/Sistem.php on line 77.
 1 APPPATH/Controllers/Turbootp/Sistem.php(77): CodeIgniter\Debug\Exceptions->errorHandler(2, 'Undefined array key "turbootp_apikey"', '/storage/emulated/0/ksweb/tools/phpMyAdmin/jasaotp/app/Controllers/Turbootp/Sistem.php', 77)
 2 SYSTEMPATH/CodeIgniter.php(942): App\Controllers\Turbootp\Sistem->updateWaitingOrders()
 3 SYSTEMPATH/CodeIgniter.php(502): CodeIgniter\CodeIgniter->runController(Object(App\Controllers\Turbootp\Sistem))
 4 SYSTEMPATH/CodeIgniter.php(361): CodeIgniter\CodeIgniter->handleRequest(null, Object(Config\Cache), false)
 5 FCPATH/index.php(79): CodeIgniter\CodeIgniter->run()
CRITICAL - 2024-04-17 20:21:13 --> Undefined array key "turbootp_apikey"
in APPPATH/Controllers/Turbootp/Sistem.php on line 77.
 1 APPPATH/Controllers/Turbootp/Sistem.php(77): CodeIgniter\Debug\Exceptions->errorHandler(2, 'Undefined array key "turbootp_apikey"', '/storage/emulated/0/ksweb/tools/phpMyAdmin/jasaotp/app/Controllers/Turbootp/Sistem.php', 77)
 2 SYSTEMPATH/CodeIgniter.php(942): App\Controllers\Turbootp\Sistem->updateWaitingOrders()
 3 SYSTEMPATH/CodeIgniter.php(502): CodeIgniter\CodeIgniter->runController(Object(App\Controllers\Turbootp\Sistem))
 4 SYSTEMPATH/CodeIgniter.php(361): CodeIgniter\CodeIgniter->handleRequest(null, Object(Config\Cache), false)
 5 FCPATH/index.php(79): CodeIgniter\CodeIgniter->run()
CRITICAL - 2024-04-17 20:21:13 --> Undefined array key "turbootp_apikey"
in APPPATH/Controllers/Turbootp/Sistem.php on line 77.
 1 APPPATH/Controllers/Turbootp/Sistem.php(77): CodeIgniter\Debug\Exceptions->errorHandler(2, 'Undefined array key "turbootp_apikey"', '/storage/emulated/0/ksweb/tools/phpMyAdmin/jasaotp/app/Controllers/Turbootp/Sistem.php', 77)
 2 SYSTEMPATH/CodeIgniter.php(942): App\Controllers\Turbootp\Sistem->updateWaitingOrders()
 3 SYSTEMPATH/CodeIgniter.php(502): CodeIgniter\CodeIgniter->runController(Object(App\Controllers\Turbootp\Sistem))
 4 SYSTEMPATH/CodeIgniter.php(361): CodeIgniter\CodeIgniter->handleRequest(null, Object(Config\Cache), false)
 5 FCPATH/index.php(79): CodeIgniter\CodeIgniter->run()
CRITICAL - 2024-04-17 20:21:25 --> Undefined array key "turbootp_apikey"
in APPPATH/Controllers/Turbootp/Sistem.php on line 77.
 1 APPPATH/Controllers/Turbootp/Sistem.php(77): CodeIgniter\Debug\Exceptions->errorHandler(2, 'Undefined array key "turbootp_apikey"', '/storage/emulated/0/ksweb/tools/phpMyAdmin/jasaotp/app/Controllers/Turbootp/Sistem.php', 77)
 2 SYSTEMPATH/CodeIgniter.php(942): App\Controllers\Turbootp\Sistem->updateWaitingOrders()
 3 SYSTEMPATH/CodeIgniter.php(502): CodeIgniter\CodeIgniter->runController(Object(App\Controllers\Turbootp\Sistem))
 4 SYSTEMPATH/CodeIgniter.php(361): CodeIgniter\CodeIgniter->handleRequest(null, Object(Config\Cache), false)
 5 FCPATH/index.php(79): CodeIgniter\CodeIgniter->run()
CRITICAL - 2024-04-17 20:21:31 --> Undefined array key "turbootp_apikey"
in APPPATH/Controllers/Turbootp/Sistem.php on line 77.
 1 APPPATH/Controllers/Turbootp/Sistem.php(77): CodeIgniter\Debug\Exceptions->errorHandler(2, 'Undefined array key "turbootp_apikey"', '/storage/emulated/0/ksweb/tools/phpMyAdmin/jasaotp/app/Controllers/Turbootp/Sistem.php', 77)
 2 SYSTEMPATH/CodeIgniter.php(942): App\Controllers\Turbootp\Sistem->updateWaitingOrders()
 3 SYSTEMPATH/CodeIgniter.php(502): CodeIgniter\CodeIgniter->runController(Object(App\Controllers\Turbootp\Sistem))
 4 SYSTEMPATH/CodeIgniter.php(361): CodeIgniter\CodeIgniter->handleRequest(null, Object(Config\Cache), false)
 5 FCPATH/index.php(79): CodeIgniter\CodeIgniter->run()
CRITICAL - 2024-04-17 20:21:59 --> Undefined array key "turbootp_apikey"
in APPPATH/Controllers/Turbootp/Sistem.php on line 77.
 1 APPPATH/Controllers/Turbootp/Sistem.php(77): CodeIgniter\Debug\Exceptions->errorHandler(2, 'Undefined array key "turbootp_apikey"', '/storage/emulated/0/ksweb/tools/phpMyAdmin/jasaotp/app/Controllers/Turbootp/Sistem.php', 77)
 2 SYSTEMPATH/CodeIgniter.php(942): App\Controllers\Turbootp\Sistem->updateWaitingOrders()
 3 SYSTEMPATH/CodeIgniter.php(502): CodeIgniter\CodeIgniter->runController(Object(App\Controllers\Turbootp\Sistem))
 4 SYSTEMPATH/CodeIgniter.php(361): CodeIgniter\CodeIgniter->handleRequest(null, Object(Config\Cache), false)
 5 FCPATH/index.php(79): CodeIgniter\CodeIgniter->run()
CRITICAL - 2024-04-17 23:32:35 --> Undefined array key "value"
in APPPATH/Controllers/Admin/Services.php on line 56.
 1 APPPATH/Controllers/Admin/Services.php(56): CodeIgniter\Debug\Exceptions->errorHandler(2, 'Undefined array key "value"', '/storage/emulated/0/ksweb/tools/phpMyAdmin/jasaotp/app/Controllers/Admin/Services.php', 56)
 2 SYSTEMPATH/CodeIgniter.php(942): App\Controllers\Admin\Services->getDataServices()
 3 SYSTEMPATH/CodeIgniter.php(502): CodeIgniter\CodeIgniter->runController(Object(App\Controllers\Admin\Services))
 4 SYSTEMPATH/CodeIgniter.php(361): CodeIgniter\CodeIgniter->handleRequest(null, Object(Config\Cache), false)
 5 FCPATH/index.php(79): CodeIgniter\CodeIgniter->run()
CRITICAL - 2024-04-17 23:35:34 --> Undefined variable $country
in APPPATH/Views/admin/services.php on line 27.
 1 APPPATH/Views/admin/services.php(27): CodeIgniter\Debug\Exceptions->errorHandler(2, 'Undefined variable $country', '/storage/emulated/0/ksweb/tools/phpMyAdmin/jasaotp/app/Views/admin/services.php', 27)
 2 SYSTEMPATH/View/View.php(228): include('/storage/emulated/0/ksweb/tools/phpMyAdmin/jasaotp/app/Views/admin/services.php')
 3 SYSTEMPATH/View/View.php(231): CodeIgniter\View\View->CodeIgniter\View\{closure}()
 4 SYSTEMPATH/Common.php(1190): CodeIgniter\View\View->render('admin/services', [], true)
 5 APPPATH/Controllers/Admin/Services.php(43): view('admin/services', [...])
 6 SYSTEMPATH/CodeIgniter.php(942): App\Controllers\Admin\Services->index()
 7 SYSTEMPATH/CodeIgniter.php(502): CodeIgniter\CodeIgniter->runController(Object(App\Controllers\Admin\Services))
 8 SYSTEMPATH/CodeIgniter.php(361): CodeIgniter\CodeIgniter->handleRequest(null, Object(Config\Cache), false)
 9 FCPATH/index.php(79): CodeIgniter\CodeIgniter->run()
CRITICAL - 2024-04-17 23:37:04 --> Undefined array key "value"
in APPPATH/Controllers/Admin/Services.php on line 51.
 1 APPPATH/Controllers/Admin/Services.php(51): CodeIgniter\Debug\Exceptions->errorHandler(2, 'Undefined array key "value"', '/storage/emulated/0/ksweb/tools/phpMyAdmin/jasaotp/app/Controllers/Admin/Services.php', 51)
 2 SYSTEMPATH/CodeIgniter.php(942): App\Controllers\Admin\Services->getDataServices()
 3 SYSTEMPATH/CodeIgniter.php(502): CodeIgniter\CodeIgniter->runController(Object(App\Controllers\Admin\Services))
 4 SYSTEMPATH/CodeIgniter.php(361): CodeIgniter\CodeIgniter->handleRequest(null, Object(Config\Cache), false)
 5 FCPATH/index.php(79): CodeIgniter\CodeIgniter->run()
CRITICAL - 2024-04-17 23:37:53 --> Undefined array key "value"
in APPPATH/Controllers/Admin/Services.php on line 51.
 1 APPPATH/Controllers/Admin/Services.php(51): CodeIgniter\Debug\Exceptions->errorHandler(2, 'Undefined array key "value"', '/storage/emulated/0/ksweb/tools/phpMyAdmin/jasaotp/app/Controllers/Admin/Services.php', 51)
 2 SYSTEMPATH/CodeIgniter.php(942): App\Controllers\Admin\Services->getDataServices()
 3 SYSTEMPATH/CodeIgniter.php(502): CodeIgniter\CodeIgniter->runController(Object(App\Controllers\Admin\Services))
 4 SYSTEMPATH/CodeIgniter.php(361): CodeIgniter\CodeIgniter->handleRequest(null, Object(Config\Cache), false)
 5 FCPATH/index.php(79): CodeIgniter\CodeIgniter->run()
CRITICAL - 2024-04-17 23:40:28 --> Undefined array key "operator_name"
in APPPATH/Views/admin/orders.php on line 44.
 1 APPPATH/Views/admin/orders.php(44): CodeIgniter\Debug\Exceptions->errorHandler(2, 'Undefined array key "operator_name"', '/storage/emulated/0/ksweb/tools/phpMyAdmin/jasaotp/app/Views/admin/orders.php', 44)
 2 SYSTEMPATH/View/View.php(228): include('/storage/emulated/0/ksweb/tools/phpMyAdmin/jasaotp/app/Views/admin/orders.php')
 3 SYSTEMPATH/View/View.php(231): CodeIgniter\View\View->CodeIgniter\View\{closure}()
 4 SYSTEMPATH/Common.php(1190): CodeIgniter\View\View->render('admin/orders', [], true)
 5 APPPATH/Controllers/Admin/Orders.php(45): view('admin/orders', [...])
 6 SYSTEMPATH/CodeIgniter.php(942): App\Controllers\Admin\Orders->index()
 7 SYSTEMPATH/CodeIgniter.php(502): CodeIgniter\CodeIgniter->runController(Object(App\Controllers\Admin\Orders))
 8 SYSTEMPATH/CodeIgniter.php(361): CodeIgniter\CodeIgniter->handleRequest(null, Object(Config\Cache), false)
 9 FCPATH/index.php(79): CodeIgniter\CodeIgniter->run()
CRITICAL - 2024-04-17 23:40:34 --> Undefined array key "value"
in APPPATH/Controllers/Admin/Services.php on line 51.
 1 APPPATH/Controllers/Admin/Services.php(51): CodeIgniter\Debug\Exceptions->errorHandler(2, 'Undefined array key "value"', '/storage/emulated/0/ksweb/tools/phpMyAdmin/jasaotp/app/Controllers/Admin/Services.php', 51)
 2 SYSTEMPATH/CodeIgniter.php(942): App\Controllers\Admin\Services->getDataServices()
 3 SYSTEMPATH/CodeIgniter.php(502): CodeIgniter\CodeIgniter->runController(Object(App\Controllers\Admin\Services))
 4 SYSTEMPATH/CodeIgniter.php(361): CodeIgniter\CodeIgniter->handleRequest(null, Object(Config\Cache), false)
 5 FCPATH/index.php(79): CodeIgniter\CodeIgniter->run()
CRITICAL - 2024-04-17 23:43:22 --> Trying to access array offset on value of type null
in APPPATH/Controllers/Admin/Services.php on line 51.
 1 APPPATH/Controllers/Admin/Services.php(51): CodeIgniter\Debug\Exceptions->errorHandler(2, 'Trying to access array offset on value of type null', '/storage/emulated/0/ksweb/tools/phpMyAdmin/jasaotp/app/Controllers/Admin/Services.php', 51)
 2 SYSTEMPATH/CodeIgniter.php(942): App\Controllers\Admin\Services->getDataServices()
 3 SYSTEMPATH/CodeIgniter.php(502): CodeIgniter\CodeIgniter->runController(Object(App\Controllers\Admin\Services))
 4 SYSTEMPATH/CodeIgniter.php(361): CodeIgniter\CodeIgniter->handleRequest(null, Object(Config\Cache), false)
 5 FCPATH/index.php(79): CodeIgniter\CodeIgniter->run()
CRITICAL - 2024-04-17 23:46:24 --> Call to undefined method CodeIgniter\HTTP\IncomingRequest::Get()
in APPPATH/Controllers/Admin/Services.php on line 51.
 1 SYSTEMPATH/CodeIgniter.php(942): App\Controllers\Admin\Services->getDataServices()
 2 SYSTEMPATH/CodeIgniter.php(502): CodeIgniter\CodeIgniter->runController(Object(App\Controllers\Admin\Services))
 3 SYSTEMPATH/CodeIgniter.php(361): CodeIgniter\CodeIgniter->handleRequest(null, Object(Config\Cache), false)
 4 FCPATH/index.php(79): CodeIgniter\CodeIgniter->run()
CRITICAL - 2024-04-17 23:47:06 --> Trying to access array offset on value of type null
in APPPATH/Controllers/Admin/Services.php on line 51.
 1 APPPATH/Controllers/Admin/Services.php(51): CodeIgniter\Debug\Exceptions->errorHandler(2, 'Trying to access array offset on value of type null', '/storage/emulated/0/ksweb/tools/phpMyAdmin/jasaotp/app/Controllers/Admin/Services.php', 51)
 2 SYSTEMPATH/CodeIgniter.php(942): App\Controllers\Admin\Services->getDataServices()
 3 SYSTEMPATH/CodeIgniter.php(502): CodeIgniter\CodeIgniter->runController(Object(App\Controllers\Admin\Services))
 4 SYSTEMPATH/CodeIgniter.php(361): CodeIgniter\CodeIgniter->handleRequest(null, Object(Config\Cache), false)
 5 FCPATH/index.php(79): CodeIgniter\CodeIgniter->run()
CRITICAL - 2024-04-17 23:51:18 --> Undefined array key "value"
in APPPATH/Controllers/Admin/Services.php on line 51.
 1 APPPATH/Controllers/Admin/Services.php(51): CodeIgniter\Debug\Exceptions->errorHandler(2, 'Undefined array key "value"', '/storage/emulated/0/ksweb/tools/phpMyAdmin/jasaotp/app/Controllers/Admin/Services.php', 51)
 2 SYSTEMPATH/CodeIgniter.php(942): App\Controllers\Admin\Services->getDataServices()
 3 SYSTEMPATH/CodeIgniter.php(502): CodeIgniter\CodeIgniter->runController(Object(App\Controllers\Admin\Services))
 4 SYSTEMPATH/CodeIgniter.php(361): CodeIgniter\CodeIgniter->handleRequest(null, Object(Config\Cache), false)
 5 FCPATH/index.php(79): CodeIgniter\CodeIgniter->run()
CRITICAL - 2024-04-17 23:51:21 --> Trying to access array offset on value of type null
in APPPATH/Controllers/Admin/Services.php on line 51.
 1 APPPATH/Controllers/Admin/Services.php(51): CodeIgniter\Debug\Exceptions->errorHandler(2, 'Trying to access array offset on value of type null', '/storage/emulated/0/ksweb/tools/phpMyAdmin/jasaotp/app/Controllers/Admin/Services.php', 51)
 2 SYSTEMPATH/CodeIgniter.php(942): App\Controllers\Admin\Services->getDataServices()
 3 SYSTEMPATH/CodeIgniter.php(502): CodeIgniter\CodeIgniter->runController(Object(App\Controllers\Admin\Services))
 4 SYSTEMPATH/CodeIgniter.php(361): CodeIgniter\CodeIgniter->handleRequest(null, Object(Config\Cache), false)
 5 FCPATH/index.php(79): CodeIgniter\CodeIgniter->run()
CRITICAL - 2024-04-17 23:53:12 --> Trying to access array offset on value of type null
in APPPATH/Controllers/Admin/Services.php on line 56.
 1 APPPATH/Controllers/Admin/Services.php(56): CodeIgniter\Debug\Exceptions->errorHandler(2, 'Trying to access array offset on value of type null', '/storage/emulated/0/ksweb/tools/phpMyAdmin/jasaotp/app/Controllers/Admin/Services.php', 56)
 2 SYSTEMPATH/CodeIgniter.php(942): App\Controllers\Admin\Services->getDataServices()
 3 SYSTEMPATH/CodeIgniter.php(502): CodeIgniter\CodeIgniter->runController(Object(App\Controllers\Admin\Services))
 4 SYSTEMPATH/CodeIgniter.php(361): CodeIgniter\CodeIgniter->handleRequest(null, Object(Config\Cache), false)
 5 FCPATH/index.php(79): CodeIgniter\CodeIgniter->run()
