CRITICAL - 2024-01-29 15:25:08 --> Call to undefined method App\Controllers\Otpweb\Orders::fail()
in APPPATH/Controllers/Otpweb/Orders.php on line 114.
 1 SYSTEMPATH/CodeIgniter.php(942): App\Controllers\Otpweb\Orders->getServicesByCountry('6')
 2 SYSTEMPATH/CodeIgniter.php(502): CodeIgniter\CodeIgniter->runController(Object(App\Controllers\Otpweb\Orders))
 3 SYSTEMPATH/CodeIgniter.php(361): CodeIgniter\CodeIgniter->handleRequest(null, Object(Config\Cache), false)
 4 FCPATH/index.php(79): CodeIgniter\CodeIgniter->run()
CRITICAL - 2024-01-29 15:25:20 --> Call to undefined method App\Controllers\Otpweb\Orders::fail()
in APPPATH/Controllers/Otpweb/Orders.php on line 114.
 1 SYSTEMPATH/CodeIgniter.php(942): App\Controllers\Otpweb\Orders->getServicesByCountry('187')
 2 SYSTEMPATH/CodeIgniter.php(502): CodeIgniter\CodeIgniter->runController(Object(App\Controllers\Otpweb\Orders))
 3 SYSTEMPATH/CodeIgniter.php(361): CodeIgniter\CodeIgniter->handleRequest(null, Object(Config\Cache), false)
 4 FCPATH/index.php(79): CodeIgniter\CodeIgniter->run()
CRITICAL - 2024-01-29 15:25:41 --> Call to undefined method App\Controllers\Otpweb\Orders::fail()
in APPPATH/Controllers/Otpweb/Orders.php on line 98.
 1 SYSTEMPATH/CodeIgniter.php(942): App\Controllers\Otpweb\Orders->getOperatorsByCountry('168')
 2 SYSTEMPATH/CodeIgniter.php(502): CodeIgniter\CodeIgniter->runController(Object(App\Controllers\Otpweb\Orders))
 3 SYSTEMPATH/CodeIgniter.php(361): CodeIgniter\CodeIgniter->handleRequest(null, Object(Config\Cache), false)
 4 FCPATH/index.php(79): CodeIgniter\CodeIgniter->run()
CRITICAL - 2024-01-29 15:25:50 --> Call to undefined method App\Controllers\Otpweb\Orders::fail()
in APPPATH/Controllers/Otpweb/Orders.php on line 114.
 1 SYSTEMPATH/CodeIgniter.php(942): App\Controllers\Otpweb\Orders->getServicesByCountry('6')
 2 SYSTEMPATH/CodeIgniter.php(502): CodeIgniter\CodeIgniter->runController(Object(App\Controllers\Otpweb\Orders))
 3 SYSTEMPATH/CodeIgniter.php(361): CodeIgniter\CodeIgniter->handleRequest(null, Object(Config\Cache), false)
 4 FCPATH/index.php(79): CodeIgniter\CodeIgniter->run()
CRITICAL - 2024-01-29 15:25:59 --> Call to undefined method App\Controllers\Otpweb\Orders::fail()
in APPPATH/Controllers/Otpweb/Orders.php on line 114.
 1 SYSTEMPATH/CodeIgniter.php(942): App\Controllers\Otpweb\Orders->getServicesByCountry('175')
 2 SYSTEMPATH/CodeIgniter.php(502): CodeIgniter\CodeIgniter->runController(Object(App\Controllers\Otpweb\Orders))
 3 SYSTEMPATH/CodeIgniter.php(361): CodeIgniter\CodeIgniter->handleRequest(null, Object(Config\Cache), false)
 4 FCPATH/index.php(79): CodeIgniter\CodeIgniter->run()
CRITICAL - 2024-01-29 15:26:15 --> Call to undefined method App\Controllers\Otpweb\Orders::fail()
in APPPATH/Controllers/Otpweb/Orders.php on line 114.
 1 SYSTEMPATH/CodeIgniter.php(942): App\Controllers\Otpweb\Orders->getServicesByCountry('181')
 2 SYSTEMPATH/CodeIgniter.php(502): CodeIgniter\CodeIgniter->runController(Object(App\Controllers\Otpweb\Orders))
 3 SYSTEMPATH/CodeIgniter.php(361): CodeIgniter\CodeIgniter->handleRequest(null, Object(Config\Cache), false)
 4 FCPATH/index.php(79): CodeIgniter\CodeIgniter->run()
CRITICAL - 2024-01-29 15:26:15 --> Call to undefined method App\Controllers\Otpweb\Orders::fail()
in APPPATH/Controllers/Otpweb/Orders.php on line 98.
 1 SYSTEMPATH/CodeIgniter.php(942): App\Controllers\Otpweb\Orders->getOperatorsByCountry('181')
 2 SYSTEMPATH/CodeIgniter.php(502): CodeIgniter\CodeIgniter->runController(Object(App\Controllers\Otpweb\Orders))
 3 SYSTEMPATH/CodeIgniter.php(361): CodeIgniter\CodeIgniter->handleRequest(null, Object(Config\Cache), false)
 4 FCPATH/index.php(79): CodeIgniter\CodeIgniter->run()
CRITICAL - 2024-01-29 15:26:23 --> Call to undefined method App\Controllers\Otpweb\Orders::fail()
in APPPATH/Controllers/Otpweb/Orders.php on line 114.
 1 SYSTEMPATH/CodeIgniter.php(942): App\Controllers\Otpweb\Orders->getServicesByCountry('6')
 2 SYSTEMPATH/CodeIgniter.php(502): CodeIgniter\CodeIgniter->runController(Object(App\Controllers\Otpweb\Orders))
 3 SYSTEMPATH/CodeIgniter.php(361): CodeIgniter\CodeIgniter->handleRequest(null, Object(Config\Cache), false)
 4 FCPATH/index.php(79): CodeIgniter\CodeIgniter->run()
CRITICAL - 2024-01-29 19:34:53 --> Call to undefined method App\Controllers\Otpweb\Orders::fail()
in APPPATH/Controllers/Otpweb/Orders.php on line 114.
 1 SYSTEMPATH/CodeIgniter.php(942): App\Controllers\Otpweb\Orders->getServicesByCountry('6')
 2 SYSTEMPATH/CodeIgniter.php(502): CodeIgniter\CodeIgniter->runController(Object(App\Controllers\Otpweb\Orders))
 3 SYSTEMPATH/CodeIgniter.php(361): CodeIgniter\CodeIgniter->handleRequest(null, Object(Config\Cache), false)
 4 FCPATH/index.php(79): CodeIgniter\CodeIgniter->run()
CRITICAL - 2024-01-29 19:35:00 --> Call to undefined method App\Controllers\Otpweb\Orders::fail()
in APPPATH/Controllers/Otpweb/Orders.php on line 114.
 1 SYSTEMPATH/CodeIgniter.php(942): App\Controllers\Otpweb\Orders->getServicesByCountry('38')
 2 SYSTEMPATH/CodeIgniter.php(502): CodeIgniter\CodeIgniter->runController(Object(App\Controllers\Otpweb\Orders))
 3 SYSTEMPATH/CodeIgniter.php(361): CodeIgniter\CodeIgniter->handleRequest(null, Object(Config\Cache), false)
 4 FCPATH/index.php(79): CodeIgniter\CodeIgniter->run()
CRITICAL - 2024-01-29 19:35:03 --> Call to undefined method App\Controllers\Otpweb\Orders::fail()
in APPPATH/Controllers/Otpweb/Orders.php on line 114.
 1 SYSTEMPATH/CodeIgniter.php(942): App\Controllers\Otpweb\Orders->getServicesByCountry('7')
 2 SYSTEMPATH/CodeIgniter.php(502): CodeIgniter\CodeIgniter->runController(Object(App\Controllers\Otpweb\Orders))
 3 SYSTEMPATH/CodeIgniter.php(361): CodeIgniter\CodeIgniter->handleRequest(null, Object(Config\Cache), false)
 4 FCPATH/index.php(79): CodeIgniter\CodeIgniter->run()
