CRITICAL - 2024-03-24 00:14:19 --> Trying to access array offset on value of type null
in APPPATH/Controllers/Otpweb/Orders.php on line 215.
 1 APPPATH/Controllers/Otpweb/Orders.php(215): CodeIgniter\Debug\Exceptions->errorHandler()
 2 SYSTEMPATH/CodeIgniter.php(942): App\Controllers\Otpweb\Orders->placeOrder()
 3 SYSTEMPATH/CodeIgniter.php(502): CodeIgniter\CodeIgniter->runController()
 4 SYSTEMPATH/CodeIgniter.php(361): CodeIgniter\CodeIgniter->handleRequest()
 5 FCPATH/index.php(79): CodeIgniter\CodeIgniter->run()
CRITICAL - 2024-03-24 00:14:45 --> Trying to access array offset on value of type null
in APPPATH/Controllers/Otpweb/Orders.php on line 215.
 1 APPPATH/Controllers/Otpweb/Orders.php(215): CodeIgniter\Debug\Exceptions->errorHandler()
 2 SYSTEMPATH/CodeIgniter.php(942): App\Controllers\Otpweb\Orders->placeOrder()
 3 SYSTEMPATH/CodeIgniter.php(502): CodeIgniter\CodeIgniter->runController()
 4 SYSTEMPATH/CodeIgniter.php(361): CodeIgniter\CodeIgniter->handleRequest()
 5 FCPATH/index.php(79): CodeIgniter\CodeIgniter->run()
CRITICAL - 2024-03-24 03:42:19 --> Trying to access array offset on value of type null
in APPPATH/Controllers/Otpweb/Sistem.php on line 211.
 1 APPPATH/Controllers/Otpweb/Sistem.php(211): CodeIgniter\Debug\Exceptions->errorHandler()
 2 SYSTEMPATH/CodeIgniter.php(942): App\Controllers\Otpweb\Sistem->updateWaitingOrders()
 3 SYSTEMPATH/CodeIgniter.php(502): CodeIgniter\CodeIgniter->runController()
 4 SYSTEMPATH/CodeIgniter.php(361): CodeIgniter\CodeIgniter->handleRequest()
 5 FCPATH/index.php(79): CodeIgniter\CodeIgniter->run()
CRITICAL - 2024-03-24 03:42:19 --> Trying to access array offset on value of type null
in APPPATH/Controllers/Otpweb/Orders.php on line 215.
 1 APPPATH/Controllers/Otpweb/Orders.php(215): CodeIgniter\Debug\Exceptions->errorHandler()
 2 SYSTEMPATH/CodeIgniter.php(942): App\Controllers\Otpweb\Orders->placeOrder()
 3 SYSTEMPATH/CodeIgniter.php(502): CodeIgniter\CodeIgniter->runController()
 4 SYSTEMPATH/CodeIgniter.php(361): CodeIgniter\CodeIgniter->handleRequest()
 5 FCPATH/index.php(79): CodeIgniter\CodeIgniter->run()
CRITICAL - 2024-03-24 03:42:22 --> Trying to access array offset on value of type null
in APPPATH/Controllers/Otpweb/Orders.php on line 215.
 1 APPPATH/Controllers/Otpweb/Orders.php(215): CodeIgniter\Debug\Exceptions->errorHandler()
 2 SYSTEMPATH/CodeIgniter.php(942): App\Controllers\Otpweb\Orders->placeOrder()
 3 SYSTEMPATH/CodeIgniter.php(502): CodeIgniter\CodeIgniter->runController()
 4 SYSTEMPATH/CodeIgniter.php(361): CodeIgniter\CodeIgniter->handleRequest()
 5 FCPATH/index.php(79): CodeIgniter\CodeIgniter->run()
CRITICAL - 2024-03-24 03:42:24 --> Trying to access array offset on value of type null
in APPPATH/Controllers/Otpweb/Orders.php on line 215.
 1 APPPATH/Controllers/Otpweb/Orders.php(215): CodeIgniter\Debug\Exceptions->errorHandler()
 2 SYSTEMPATH/CodeIgniter.php(942): App\Controllers\Otpweb\Orders->placeOrder()
 3 SYSTEMPATH/CodeIgniter.php(502): CodeIgniter\CodeIgniter->runController()
 4 SYSTEMPATH/CodeIgniter.php(361): CodeIgniter\CodeIgniter->handleRequest()
 5 FCPATH/index.php(79): CodeIgniter\CodeIgniter->run()
CRITICAL - 2024-03-24 04:57:16 --> Trying to access array offset on value of type null
in APPPATH/Controllers/Otpweb/Orders.php on line 215.
 1 APPPATH/Controllers/Otpweb/Orders.php(215): CodeIgniter\Debug\Exceptions->errorHandler()
 2 SYSTEMPATH/CodeIgniter.php(942): App\Controllers\Otpweb\Orders->placeOrder()
 3 SYSTEMPATH/CodeIgniter.php(502): CodeIgniter\CodeIgniter->runController()
 4 SYSTEMPATH/CodeIgniter.php(361): CodeIgniter\CodeIgniter->handleRequest()
 5 FCPATH/index.php(79): CodeIgniter\CodeIgniter->run()
CRITICAL - 2024-03-24 11:36:23 --> Trying to access array offset on value of type null
in APPPATH/Controllers/Otpweb/Sistem.php on line 211.
 1 APPPATH/Controllers/Otpweb/Sistem.php(211): CodeIgniter\Debug\Exceptions->errorHandler()
 2 SYSTEMPATH/CodeIgniter.php(942): App\Controllers\Otpweb\Sistem->updateWaitingOrders()
 3 SYSTEMPATH/CodeIgniter.php(502): CodeIgniter\CodeIgniter->runController()
 4 SYSTEMPATH/CodeIgniter.php(361): CodeIgniter\CodeIgniter->handleRequest()
 5 FCPATH/index.php(79): CodeIgniter\CodeIgniter->run()
CRITICAL - 2024-03-24 11:36:24 --> Trying to access array offset on value of type null
in APPPATH/Controllers/Otpweb/Orders.php on line 215.
 1 APPPATH/Controllers/Otpweb/Orders.php(215): CodeIgniter\Debug\Exceptions->errorHandler()
 2 SYSTEMPATH/CodeIgniter.php(942): App\Controllers\Otpweb\Orders->placeOrder()
 3 SYSTEMPATH/CodeIgniter.php(502): CodeIgniter\CodeIgniter->runController()
 4 SYSTEMPATH/CodeIgniter.php(361): CodeIgniter\CodeIgniter->handleRequest()
 5 FCPATH/index.php(79): CodeIgniter\CodeIgniter->run()
CRITICAL - 2024-03-24 11:40:14 --> Trying to access array offset on value of type null
in APPPATH/Controllers/Otpweb/Sistem.php on line 211.
 1 APPPATH/Controllers/Otpweb/Sistem.php(211): CodeIgniter\Debug\Exceptions->errorHandler()
 2 SYSTEMPATH/CodeIgniter.php(942): App\Controllers\Otpweb\Sistem->updateWaitingOrders()
 3 SYSTEMPATH/CodeIgniter.php(502): CodeIgniter\CodeIgniter->runController()
 4 SYSTEMPATH/CodeIgniter.php(361): CodeIgniter\CodeIgniter->handleRequest()
 5 FCPATH/index.php(79): CodeIgniter\CodeIgniter->run()
CRITICAL - 2024-03-24 11:40:19 --> Trying to access array offset on value of type null
in APPPATH/Controllers/Otpweb/Sistem.php on line 211.
 1 APPPATH/Controllers/Otpweb/Sistem.php(211): CodeIgniter\Debug\Exceptions->errorHandler()
 2 SYSTEMPATH/CodeIgniter.php(942): App\Controllers\Otpweb\Sistem->updateWaitingOrders()
 3 SYSTEMPATH/CodeIgniter.php(502): CodeIgniter\CodeIgniter->runController()
 4 SYSTEMPATH/CodeIgniter.php(361): CodeIgniter\CodeIgniter->handleRequest()
 5 FCPATH/index.php(79): CodeIgniter\CodeIgniter->run()
CRITICAL - 2024-03-24 11:40:24 --> Trying to access array offset on value of type null
in APPPATH/Controllers/Otpweb/Sistem.php on line 211.
 1 APPPATH/Controllers/Otpweb/Sistem.php(211): CodeIgniter\Debug\Exceptions->errorHandler()
 2 SYSTEMPATH/CodeIgniter.php(942): App\Controllers\Otpweb\Sistem->updateWaitingOrders()
 3 SYSTEMPATH/CodeIgniter.php(502): CodeIgniter\CodeIgniter->runController()
 4 SYSTEMPATH/CodeIgniter.php(361): CodeIgniter\CodeIgniter->handleRequest()
 5 FCPATH/index.php(79): CodeIgniter\CodeIgniter->run()
CRITICAL - 2024-03-24 11:40:29 --> Trying to access array offset on value of type null
in APPPATH/Controllers/Otpweb/Sistem.php on line 211.
 1 APPPATH/Controllers/Otpweb/Sistem.php(211): CodeIgniter\Debug\Exceptions->errorHandler()
 2 SYSTEMPATH/CodeIgniter.php(942): App\Controllers\Otpweb\Sistem->updateWaitingOrders()
 3 SYSTEMPATH/CodeIgniter.php(502): CodeIgniter\CodeIgniter->runController()
 4 SYSTEMPATH/CodeIgniter.php(361): CodeIgniter\CodeIgniter->handleRequest()
 5 FCPATH/index.php(79): CodeIgniter\CodeIgniter->run()
CRITICAL - 2024-03-24 11:40:34 --> Trying to access array offset on value of type null
in APPPATH/Controllers/Otpweb/Sistem.php on line 211.
 1 APPPATH/Controllers/Otpweb/Sistem.php(211): CodeIgniter\Debug\Exceptions->errorHandler()
 2 SYSTEMPATH/CodeIgniter.php(942): App\Controllers\Otpweb\Sistem->updateWaitingOrders()
 3 SYSTEMPATH/CodeIgniter.php(502): CodeIgniter\CodeIgniter->runController()
 4 SYSTEMPATH/CodeIgniter.php(361): CodeIgniter\CodeIgniter->handleRequest()
 5 FCPATH/index.php(79): CodeIgniter\CodeIgniter->run()
CRITICAL - 2024-03-24 11:40:39 --> Trying to access array offset on value of type null
in APPPATH/Controllers/Otpweb/Sistem.php on line 211.
 1 APPPATH/Controllers/Otpweb/Sistem.php(211): CodeIgniter\Debug\Exceptions->errorHandler()
 2 SYSTEMPATH/CodeIgniter.php(942): App\Controllers\Otpweb\Sistem->updateWaitingOrders()
 3 SYSTEMPATH/CodeIgniter.php(502): CodeIgniter\CodeIgniter->runController()
 4 SYSTEMPATH/CodeIgniter.php(361): CodeIgniter\CodeIgniter->handleRequest()
 5 FCPATH/index.php(79): CodeIgniter\CodeIgniter->run()
CRITICAL - 2024-03-24 11:40:44 --> Trying to access array offset on value of type null
in APPPATH/Controllers/Otpweb/Sistem.php on line 211.
 1 APPPATH/Controllers/Otpweb/Sistem.php(211): CodeIgniter\Debug\Exceptions->errorHandler()
 2 SYSTEMPATH/CodeIgniter.php(942): App\Controllers\Otpweb\Sistem->updateWaitingOrders()
 3 SYSTEMPATH/CodeIgniter.php(502): CodeIgniter\CodeIgniter->runController()
 4 SYSTEMPATH/CodeIgniter.php(361): CodeIgniter\CodeIgniter->handleRequest()
 5 FCPATH/index.php(79): CodeIgniter\CodeIgniter->run()
CRITICAL - 2024-03-24 11:40:49 --> Trying to access array offset on value of type null
in APPPATH/Controllers/Otpweb/Sistem.php on line 211.
 1 APPPATH/Controllers/Otpweb/Sistem.php(211): CodeIgniter\Debug\Exceptions->errorHandler()
 2 SYSTEMPATH/CodeIgniter.php(942): App\Controllers\Otpweb\Sistem->updateWaitingOrders()
 3 SYSTEMPATH/CodeIgniter.php(502): CodeIgniter\CodeIgniter->runController()
 4 SYSTEMPATH/CodeIgniter.php(361): CodeIgniter\CodeIgniter->handleRequest()
 5 FCPATH/index.php(79): CodeIgniter\CodeIgniter->run()
CRITICAL - 2024-03-24 11:40:54 --> Trying to access array offset on value of type null
in APPPATH/Controllers/Otpweb/Sistem.php on line 211.
 1 APPPATH/Controllers/Otpweb/Sistem.php(211): CodeIgniter\Debug\Exceptions->errorHandler()
 2 SYSTEMPATH/CodeIgniter.php(942): App\Controllers\Otpweb\Sistem->updateWaitingOrders()
 3 SYSTEMPATH/CodeIgniter.php(502): CodeIgniter\CodeIgniter->runController()
 4 SYSTEMPATH/CodeIgniter.php(361): CodeIgniter\CodeIgniter->handleRequest()
 5 FCPATH/index.php(79): CodeIgniter\CodeIgniter->run()
CRITICAL - 2024-03-24 11:40:59 --> Trying to access array offset on value of type null
in APPPATH/Controllers/Otpweb/Sistem.php on line 211.
 1 APPPATH/Controllers/Otpweb/Sistem.php(211): CodeIgniter\Debug\Exceptions->errorHandler()
 2 SYSTEMPATH/CodeIgniter.php(942): App\Controllers\Otpweb\Sistem->updateWaitingOrders()
 3 SYSTEMPATH/CodeIgniter.php(502): CodeIgniter\CodeIgniter->runController()
 4 SYSTEMPATH/CodeIgniter.php(361): CodeIgniter\CodeIgniter->handleRequest()
 5 FCPATH/index.php(79): CodeIgniter\CodeIgniter->run()
CRITICAL - 2024-03-24 11:41:04 --> Trying to access array offset on value of type null
in APPPATH/Controllers/Otpweb/Sistem.php on line 211.
 1 APPPATH/Controllers/Otpweb/Sistem.php(211): CodeIgniter\Debug\Exceptions->errorHandler()
 2 SYSTEMPATH/CodeIgniter.php(942): App\Controllers\Otpweb\Sistem->updateWaitingOrders()
 3 SYSTEMPATH/CodeIgniter.php(502): CodeIgniter\CodeIgniter->runController()
 4 SYSTEMPATH/CodeIgniter.php(361): CodeIgniter\CodeIgniter->handleRequest()
 5 FCPATH/index.php(79): CodeIgniter\CodeIgniter->run()
CRITICAL - 2024-03-24 11:41:09 --> Trying to access array offset on value of type null
in APPPATH/Controllers/Otpweb/Sistem.php on line 211.
 1 APPPATH/Controllers/Otpweb/Sistem.php(211): CodeIgniter\Debug\Exceptions->errorHandler()
 2 SYSTEMPATH/CodeIgniter.php(942): App\Controllers\Otpweb\Sistem->updateWaitingOrders()
 3 SYSTEMPATH/CodeIgniter.php(502): CodeIgniter\CodeIgniter->runController()
 4 SYSTEMPATH/CodeIgniter.php(361): CodeIgniter\CodeIgniter->handleRequest()
 5 FCPATH/index.php(79): CodeIgniter\CodeIgniter->run()
CRITICAL - 2024-03-24 11:41:15 --> Trying to access array offset on value of type null
in APPPATH/Controllers/Otpweb/Sistem.php on line 211.
 1 APPPATH/Controllers/Otpweb/Sistem.php(211): CodeIgniter\Debug\Exceptions->errorHandler()
 2 SYSTEMPATH/CodeIgniter.php(942): App\Controllers\Otpweb\Sistem->updateWaitingOrders()
 3 SYSTEMPATH/CodeIgniter.php(502): CodeIgniter\CodeIgniter->runController()
 4 SYSTEMPATH/CodeIgniter.php(361): CodeIgniter\CodeIgniter->handleRequest()
 5 FCPATH/index.php(79): CodeIgniter\CodeIgniter->run()
CRITICAL - 2024-03-24 14:42:37 --> Trying to access array offset on value of type null
in APPPATH/Controllers/Otpweb/Orders.php on line 219.
 1 APPPATH/Controllers/Otpweb/Orders.php(219): CodeIgniter\Debug\Exceptions->errorHandler()
 2 SYSTEMPATH/CodeIgniter.php(942): App\Controllers\Otpweb\Orders->placeOrder()
 3 SYSTEMPATH/CodeIgniter.php(502): CodeIgniter\CodeIgniter->runController()
 4 SYSTEMPATH/CodeIgniter.php(361): CodeIgniter\CodeIgniter->handleRequest()
 5 FCPATH/index.php(79): CodeIgniter\CodeIgniter->run()
