ERROR - 2024-01-09 02:12:02 --> Error connecting to the database: mysqli_sql_exception: No such file or directory in /home/mentari3/jasaotp.xosgames.com/system/Database/MySQLi/Connection.php:185
Stack trace:
#0 /home/mentari3/jasaotp.xosgames.com/system/Database/MySQLi/Connection.php(185): mysqli->real_connect('localhost', 'mentari3_jasaot...', 'mentari3_jasaot...', 'mentari3_jasaot...', 3306, '', 0)
#1 /home/mentari3/jasaotp.xosgames.com/system/Database/BaseConnection.php(392): CodeIgniter\Database\MySQLi\Connection->connect(false)
#2 /home/mentari3/jasaotp.xosgames.com/system/Session/Handlers/DatabaseHandler.php(98): CodeIgniter\Database\BaseConnection->initialize()
#3 [internal function]: CodeIgniter\Session\Handlers\DatabaseHandler->open('ci_sessions', 'ci_session')
#4 /home/mentari3/jasaotp.xosgames.com/system/Session/Session.php(919): session_start()
#5 /home/mentari3/jasaotp.xosgames.com/system/Session/Session.php(241): CodeIgniter\Session\Session->startSession()
#6 /home/mentari3/jasaotp.xosgames.com/system/Config/Services.php(693): CodeIgniter\Session\Session->start()
#7 /home/mentari3/jasaotp.xosgames.com/system/Config/BaseService.php(258): CodeIgniter\Config\Services::session(Object(Config\Session), false)
#8 /home/mentari3/jasaotp.xosgames.com/system/Config/BaseService.php(199): CodeIgniter\Config\BaseService::__callStatic('session', Array)
#9 /home/mentari3/jasaotp.xosgames.com/system/Config/Services.php(664): CodeIgniter\Config\BaseService::getSharedInstance('session', NULL)
#10 /home/mentari3/jasaotp.xosgames.com/system/Config/BaseService.php(258): CodeIgniter\Config\Services::session()
#11 /home/mentari3/jasaotp.xosgames.com/app/Controllers/Otpweb/Sistem.php(26): CodeIgniter\Config\BaseService::__callStatic('session', Array)
#12 /home/mentari3/jasaotp.xosgames.com/system/CodeIgniter.php(914): App\Controllers\Otpweb\Sistem->__construct()
#13 /home/mentari3/jasaotp.xosgames.com/system/CodeIgniter.php(493): CodeIgniter\CodeIgniter->createController()
#14 /home/mentari3/jasaotp.xosgames.com/system/CodeIgniter.php(361): CodeIgniter\CodeIgniter->handleRequest(NULL, Object(Config\Cache), false)
#15 /home/mentari3/jasaotp.xosgames.com/index.php(79): CodeIgniter\CodeIgniter->run()
#16 {main}

Next CodeIgniter\Database\Exceptions\DatabaseException: No such file or directory in /home/mentari3/jasaotp.xosgames.com/system/Database/MySQLi/Connection.php:229
Stack trace:
#0 /home/mentari3/jasaotp.xosgames.com/system/Database/BaseConnection.php(392): CodeIgniter\Database\MySQLi\Connection->connect(false)
#1 /home/mentari3/jasaotp.xosgames.com/system/Session/Handlers/DatabaseHandler.php(98): CodeIgniter\Database\BaseConnection->initialize()
#2 [internal function]: CodeIgniter\Session\Handlers\DatabaseHandler->open('ci_sessions', 'ci_session')
#3 /home/mentari3/jasaotp.xosgames.com/system/Session/Session.php(919): session_start()
#4 /home/mentari3/jasaotp.xosgames.com/system/Session/Session.php(241): CodeIgniter\Session\Session->startSession()
#5 /home/mentari3/jasaotp.xosgames.com/system/Config/Services.php(693): CodeIgniter\Session\Session->start()
#6 /home/mentari3/jasaotp.xosgames.com/system/Config/BaseService.php(258): CodeIgniter\Config\Services::session(Object(Config\Session), false)
#7 /home/mentari3/jasaotp.xosgames.com/system/Config/BaseService.php(199): CodeIgniter\Config\BaseService::__callStatic('session', Array)
#8 /home/mentari3/jasaotp.xosgames.com/system/Config/Services.php(664): CodeIgniter\Config\BaseService::getSharedInstance('session', NULL)
#9 /home/mentari3/jasaotp.xosgames.com/system/Config/BaseService.php(258): CodeIgniter\Config\Services::session()
#10 /home/mentari3/jasaotp.xosgames.com/app/Controllers/Otpweb/Sistem.php(26): CodeIgniter\Config\BaseService::__callStatic('session', Array)
#11 /home/mentari3/jasaotp.xosgames.com/system/CodeIgniter.php(914): App\Controllers\Otpweb\Sistem->__construct()
#12 /home/mentari3/jasaotp.xosgames.com/system/CodeIgniter.php(493): CodeIgniter\CodeIgniter->createController()
#13 /home/mentari3/jasaotp.xosgames.com/system/CodeIgniter.php(361): CodeIgniter\CodeIgniter->handleRequest(NULL, Object(Config\Cache), false)
#14 /home/mentari3/jasaotp.xosgames.com/index.php(79): CodeIgniter\CodeIgniter->run()
#15 {main}
CRITICAL - 2024-01-09 02:12:02 --> Unable to connect to the database.
Main connection [MySQLi]: No such file or directory
in SYSTEMPATH/Database/BaseConnection.php on line 428.
 1 SYSTEMPATH/Session/Handlers/DatabaseHandler.php(98): CodeIgniter\Database\BaseConnection->initialize()
 2 [internal function]: CodeIgniter\Session\Handlers\DatabaseHandler->open('ci_sessions', 'ci_session')
 3 SYSTEMPATH/Session/Session.php(919): session_start()
 4 SYSTEMPATH/Session/Session.php(241): CodeIgniter\Session\Session->startSession()
 5 SYSTEMPATH/Config/Services.php(693): CodeIgniter\Session\Session->start()
 6 SYSTEMPATH/Config/BaseService.php(258): CodeIgniter\Config\Services::session(Object(Config\Session), false)
 7 SYSTEMPATH/Config/BaseService.php(199): CodeIgniter\Config\BaseService::__callStatic('session', [...])
 8 SYSTEMPATH/Config/Services.php(664): CodeIgniter\Config\BaseService::getSharedInstance('session', null)
 9 SYSTEMPATH/Config/BaseService.php(258): CodeIgniter\Config\Services::session()
10 APPPATH/Controllers/Otpweb/Sistem.php(26): CodeIgniter\Config\BaseService::__callStatic('session', [])
11 SYSTEMPATH/CodeIgniter.php(914): App\Controllers\Otpweb\Sistem->__construct()
12 SYSTEMPATH/CodeIgniter.php(493): CodeIgniter\CodeIgniter->createController()
13 SYSTEMPATH/CodeIgniter.php(361): CodeIgniter\CodeIgniter->handleRequest(null, Object(Config\Cache), false)
14 FCPATH/index.php(79): CodeIgniter\CodeIgniter->run()
