CRITICAL - 2024-03-07 16:45:46 --> Undefined array key "value"
in APPPATH/Controllers/Admin/Services.php on line 56.
 1 APPPATH/Controllers/Admin/Services.php(56): CodeIgniter\Debug\Exceptions->errorHandler()
 2 SYSTEMPATH/CodeIgniter.php(942): App\Controllers\Admin\Services->getDataServices()
 3 SYSTEMPATH/CodeIgniter.php(502): CodeIgniter\CodeIgniter->runController()
 4 SYSTEMPATH/CodeIgniter.php(361): CodeIgniter\CodeIgniter->handleRequest()
 5 FCPATH/index.php(79): CodeIgniter\CodeIgniter->run()
CRITICAL - 2024-03-07 16:45:58 --> Undefined array key "value"
in APPPATH/Controllers/Admin/Services.php on line 56.
 1 APPPATH/Controllers/Admin/Services.php(56): CodeIgniter\Debug\Exceptions->errorHandler()
 2 SYSTEMPATH/CodeIgniter.php(942): App\Controllers\Admin\Services->getDataServices()
 3 SYSTEMPATH/CodeIgniter.php(502): CodeIgniter\CodeIgniter->runController()
 4 SYSTEMPATH/CodeIgniter.php(361): CodeIgniter\CodeIgniter->handleRequest()
 5 FCPATH/index.php(79): CodeIgniter\CodeIgniter->run()
ERROR - 2024-03-07 16:55:04 --> mysqli_sql_exception: MySQL server has gone away in /home/mentari3/jasaotp.xosgames.com/system/Database/MySQLi/Connection.php:306
Stack trace:
#0 /home/mentari3/jasaotp.xosgames.com/system/Database/MySQLi/Connection.php(306): mysqli->query()
#1 /home/mentari3/jasaotp.xosgames.com/system/Database/BaseConnection.php(693): CodeIgniter\Database\MySQLi\Connection->execute()
#2 /home/mentari3/jasaotp.xosgames.com/system/Database/BaseConnection.php(607): CodeIgniter\Database\BaseConnection->simpleQuery()
#3 /home/mentari3/jasaotp.xosgames.com/system/Database/BaseBuilder.php(2475): CodeIgniter\Database\BaseConnection->query()
#4 /home/mentari3/jasaotp.xosgames.com/system/Session/Handlers/DatabaseHandler.php(219): CodeIgniter\Database\BaseBuilder->update()
#5 [internal function]: CodeIgniter\Session\Handlers\DatabaseHandler->write()
#6 [internal function]: session_write_close()
#7 {main}
CRITICAL - 2024-03-07 17:06:21 --> Undefined array key "value"
in APPPATH/Controllers/Admin/Services.php on line 56.
 1 APPPATH/Controllers/Admin/Services.php(56): CodeIgniter\Debug\Exceptions->errorHandler()
 2 SYSTEMPATH/CodeIgniter.php(942): App\Controllers\Admin\Services->getDataServices()
 3 SYSTEMPATH/CodeIgniter.php(502): CodeIgniter\CodeIgniter->runController()
 4 SYSTEMPATH/CodeIgniter.php(361): CodeIgniter\CodeIgniter->handleRequest()
 5 FCPATH/index.php(79): CodeIgniter\CodeIgniter->run()
CRITICAL - 2024-03-07 17:07:03 --> Undefined array key "value"
in APPPATH/Controllers/Admin/Services.php on line 56.
 1 APPPATH/Controllers/Admin/Services.php(56): CodeIgniter\Debug\Exceptions->errorHandler()
 2 SYSTEMPATH/CodeIgniter.php(942): App\Controllers\Admin\Services->getDataServices()
 3 SYSTEMPATH/CodeIgniter.php(502): CodeIgniter\CodeIgniter->runController()
 4 SYSTEMPATH/CodeIgniter.php(361): CodeIgniter\CodeIgniter->handleRequest()
 5 FCPATH/index.php(79): CodeIgniter\CodeIgniter->run()
