CRITICAL - 2024-01-12 15:05:25 --> Call to undefined method App\Controllers\Otpweb\Orders::fail()
in APPPATH/Controllers/Otpweb/Orders.php on line 114.
 1 SYSTEMPATH/CodeIgniter.php(942): App\Controllers\Otpweb\Orders->getServicesByCountry('3')
 2 SYSTEMPATH/CodeIgniter.php(502): CodeIgniter\CodeIgniter->runController(Object(App\Controllers\Otpweb\Orders))
 3 SYSTEMPATH/CodeIgniter.php(361): CodeIgniter\CodeIgniter->handleRequest(null, Object(Config\Cache), false)
 4 FCPATH/index.php(79): CodeIgniter\CodeIgniter->run()
CRITICAL - 2024-01-12 15:05:40 --> Call to undefined method App\Controllers\Otpweb\Orders::fail()
in APPPATH/Controllers/Otpweb/Orders.php on line 114.
 1 SYSTEMPATH/CodeIgniter.php(942): App\Controllers\Otpweb\Orders->getServicesByCountry('189')
 2 SYSTEMPATH/CodeIgniter.php(502): CodeIgniter\CodeIgniter->runController(Object(App\Controllers\Otpweb\Orders))
 3 SYSTEMPATH/CodeIgniter.php(361): CodeIgniter\CodeIgniter->handleRequest(null, Object(Config\Cache), false)
 4 FCPATH/index.php(79): CodeIgniter\CodeIgniter->run()
CRITICAL - 2024-01-12 15:05:56 --> Call to undefined method App\Controllers\Otpweb\Orders::fail()
in APPPATH/Controllers/Otpweb/Orders.php on line 98.
 1 SYSTEMPATH/CodeIgniter.php(942): App\Controllers\Otpweb\Orders->getOperatorsByCountry('118')
 2 SYSTEMPATH/CodeIgniter.php(502): CodeIgniter\CodeIgniter->runController(Object(App\Controllers\Otpweb\Orders))
 3 SYSTEMPATH/CodeIgniter.php(361): CodeIgniter\CodeIgniter->handleRequest(null, Object(Config\Cache), false)
 4 FCPATH/index.php(79): CodeIgniter\CodeIgniter->run()
CRITICAL - 2024-01-12 15:06:02 --> Call to undefined method App\Controllers\Otpweb\Orders::fail()
in APPPATH/Controllers/Otpweb/Orders.php on line 98.
 1 SYSTEMPATH/CodeIgniter.php(942): App\Controllers\Otpweb\Orders->getOperatorsByCountry('111')
 2 SYSTEMPATH/CodeIgniter.php(502): CodeIgniter\CodeIgniter->runController(Object(App\Controllers\Otpweb\Orders))
 3 SYSTEMPATH/CodeIgniter.php(361): CodeIgniter\CodeIgniter->handleRequest(null, Object(Config\Cache), false)
 4 FCPATH/index.php(79): CodeIgniter\CodeIgniter->run()
CRITICAL - 2024-01-12 15:06:10 --> Call to undefined method App\Controllers\Otpweb\Orders::fail()
in APPPATH/Controllers/Otpweb/Orders.php on line 114.
 1 SYSTEMPATH/CodeIgniter.php(942): App\Controllers\Otpweb\Orders->getServicesByCountry('106')
 2 SYSTEMPATH/CodeIgniter.php(502): CodeIgniter\CodeIgniter->runController(Object(App\Controllers\Otpweb\Orders))
 3 SYSTEMPATH/CodeIgniter.php(361): CodeIgniter\CodeIgniter->handleRequest(null, Object(Config\Cache), false)
 4 FCPATH/index.php(79): CodeIgniter\CodeIgniter->run()
CRITICAL - 2024-01-12 15:06:10 --> Call to undefined method App\Controllers\Otpweb\Orders::fail()
in APPPATH/Controllers/Otpweb/Orders.php on line 98.
 1 SYSTEMPATH/CodeIgniter.php(942): App\Controllers\Otpweb\Orders->getOperatorsByCountry('106')
 2 SYSTEMPATH/CodeIgniter.php(502): CodeIgniter\CodeIgniter->runController(Object(App\Controllers\Otpweb\Orders))
 3 SYSTEMPATH/CodeIgniter.php(361): CodeIgniter\CodeIgniter->handleRequest(null, Object(Config\Cache), false)
 4 FCPATH/index.php(79): CodeIgniter\CodeIgniter->run()
CRITICAL - 2024-01-12 15:09:29 --> Call to undefined method App\Controllers\Otpweb\Orders::fail()
in APPPATH/Controllers/Otpweb/Orders.php on line 98.
 1 SYSTEMPATH/CodeIgniter.php(942): App\Controllers\Otpweb\Orders->getOperatorsByCountry('118')
 2 SYSTEMPATH/CodeIgniter.php(502): CodeIgniter\CodeIgniter->runController(Object(App\Controllers\Otpweb\Orders))
 3 SYSTEMPATH/CodeIgniter.php(361): CodeIgniter\CodeIgniter->handleRequest(null, Object(Config\Cache), false)
 4 FCPATH/index.php(79): CodeIgniter\CodeIgniter->run()
CRITICAL - 2024-01-12 15:09:34 --> Call to undefined method App\Controllers\Otpweb\Orders::fail()
in APPPATH/Controllers/Otpweb/Orders.php on line 98.
 1 SYSTEMPATH/CodeIgniter.php(942): App\Controllers\Otpweb\Orders->getOperatorsByCountry('111')
 2 SYSTEMPATH/CodeIgniter.php(502): CodeIgniter\CodeIgniter->runController(Object(App\Controllers\Otpweb\Orders))
 3 SYSTEMPATH/CodeIgniter.php(361): CodeIgniter\CodeIgniter->handleRequest(null, Object(Config\Cache), false)
 4 FCPATH/index.php(79): CodeIgniter\CodeIgniter->run()
CRITICAL - 2024-01-12 15:10:12 --> Call to undefined method App\Controllers\Otpweb\Orders::fail()
in APPPATH/Controllers/Otpweb/Orders.php on line 98.
 1 SYSTEMPATH/CodeIgniter.php(942): App\Controllers\Otpweb\Orders->getOperatorsByCountry('53')
 2 SYSTEMPATH/CodeIgniter.php(502): CodeIgniter\CodeIgniter->runController(Object(App\Controllers\Otpweb\Orders))
 3 SYSTEMPATH/CodeIgniter.php(361): CodeIgniter\CodeIgniter->handleRequest(null, Object(Config\Cache), false)
 4 FCPATH/index.php(79): CodeIgniter\CodeIgniter->run()
CRITICAL - 2024-01-12 15:10:30 --> Call to undefined method App\Controllers\Otpweb\Orders::fail()
in APPPATH/Controllers/Otpweb/Orders.php on line 114.
 1 SYSTEMPATH/CodeIgniter.php(942): App\Controllers\Otpweb\Orders->getServicesByCountry('33')
 2 SYSTEMPATH/CodeIgniter.php(502): CodeIgniter\CodeIgniter->runController(Object(App\Controllers\Otpweb\Orders))
 3 SYSTEMPATH/CodeIgniter.php(361): CodeIgniter\CodeIgniter->handleRequest(null, Object(Config\Cache), false)
 4 FCPATH/index.php(79): CodeIgniter\CodeIgniter->run()
CRITICAL - 2024-01-12 15:14:01 --> Call to undefined method App\Controllers\Otpweb\Orders::fail()
in APPPATH/Controllers/Otpweb/Orders.php on line 98.
 1 SYSTEMPATH/CodeIgniter.php(942): App\Controllers\Otpweb\Orders->getOperatorsByCountry('106')
 2 SYSTEMPATH/CodeIgniter.php(502): CodeIgniter\CodeIgniter->runController(Object(App\Controllers\Otpweb\Orders))
 3 SYSTEMPATH/CodeIgniter.php(361): CodeIgniter\CodeIgniter->handleRequest(null, Object(Config\Cache), false)
 4 FCPATH/index.php(79): CodeIgniter\CodeIgniter->run()
CRITICAL - 2024-01-12 15:14:31 --> Call to undefined method App\Controllers\Otpweb\Orders::fail()
in APPPATH/Controllers/Otpweb/Orders.php on line 98.
 1 SYSTEMPATH/CodeIgniter.php(942): App\Controllers\Otpweb\Orders->getOperatorsByCountry('53')
 2 SYSTEMPATH/CodeIgniter.php(502): CodeIgniter\CodeIgniter->runController(Object(App\Controllers\Otpweb\Orders))
 3 SYSTEMPATH/CodeIgniter.php(361): CodeIgniter\CodeIgniter->handleRequest(null, Object(Config\Cache), false)
 4 FCPATH/index.php(79): CodeIgniter\CodeIgniter->run()
CRITICAL - 2024-01-12 15:14:47 --> Call to undefined method App\Controllers\Otpweb\Orders::fail()
in APPPATH/Controllers/Otpweb/Orders.php on line 114.
 1 SYSTEMPATH/CodeIgniter.php(942): App\Controllers\Otpweb\Orders->getServicesByCountry('33')
 2 SYSTEMPATH/CodeIgniter.php(502): CodeIgniter\CodeIgniter->runController(Object(App\Controllers\Otpweb\Orders))
 3 SYSTEMPATH/CodeIgniter.php(361): CodeIgniter\CodeIgniter->handleRequest(null, Object(Config\Cache), false)
 4 FCPATH/index.php(79): CodeIgniter\CodeIgniter->run()
CRITICAL - 2024-01-12 15:14:55 --> Call to undefined method App\Controllers\Otpweb\Orders::fail()
in APPPATH/Controllers/Otpweb/Orders.php on line 98.
 1 SYSTEMPATH/CodeIgniter.php(942): App\Controllers\Otpweb\Orders->getOperatorsByCountry('118')
 2 SYSTEMPATH/CodeIgniter.php(502): CodeIgniter\CodeIgniter->runController(Object(App\Controllers\Otpweb\Orders))
 3 SYSTEMPATH/CodeIgniter.php(361): CodeIgniter\CodeIgniter->handleRequest(null, Object(Config\Cache), false)
 4 FCPATH/index.php(79): CodeIgniter\CodeIgniter->run()
CRITICAL - 2024-01-12 15:15:00 --> Call to undefined method App\Controllers\Otpweb\Orders::fail()
in APPPATH/Controllers/Otpweb/Orders.php on line 98.
 1 SYSTEMPATH/CodeIgniter.php(942): App\Controllers\Otpweb\Orders->getOperatorsByCountry('111')
 2 SYSTEMPATH/CodeIgniter.php(502): CodeIgniter\CodeIgniter->runController(Object(App\Controllers\Otpweb\Orders))
 3 SYSTEMPATH/CodeIgniter.php(361): CodeIgniter\CodeIgniter->handleRequest(null, Object(Config\Cache), false)
 4 FCPATH/index.php(79): CodeIgniter\CodeIgniter->run()
CRITICAL - 2024-01-12 15:15:03 --> Call to undefined method App\Controllers\Otpweb\Orders::fail()
in APPPATH/Controllers/Otpweb/Orders.php on line 98.
 1 SYSTEMPATH/CodeIgniter.php(942): App\Controllers\Otpweb\Orders->getOperatorsByCountry('106')
 2 SYSTEMPATH/CodeIgniter.php(502): CodeIgniter\CodeIgniter->runController(Object(App\Controllers\Otpweb\Orders))
 3 SYSTEMPATH/CodeIgniter.php(361): CodeIgniter\CodeIgniter->handleRequest(null, Object(Config\Cache), false)
 4 FCPATH/index.php(79): CodeIgniter\CodeIgniter->run()
